TN:
SF:/home/corrie/edu/-containers-/src/vector/s21_vector.h
FN:20,_ZN3s219RawMemoryIdE8AllocateEm
FNDA:4,_ZN3s219RawMemoryIdE8AllocateEm
FN:20,_ZN3s219RawMemoryIiE8AllocateEm
FNDA:54,_ZN3s219RawMemoryIiE8AllocateEm
FN:20,_ZN3s219RawMemoryINSt7__cxx1112basic_stringIcSt11char_traitsIcESaIcEEEE8AllocateEm
FNDA:9,_ZN3s219RawMemoryINSt7__cxx1112basic_stringIcSt11char_traitsIcESaIcEEEE8AllocateEm
FN:23,_ZN3s219RawMemoryIiE10DeallocateEPi
FNDA:78,_ZN3s219RawMemoryIiE10DeallocateEPi
FN:23,_ZN3s219RawMemoryIdE10DeallocateEPd
FNDA:6,_ZN3s219RawMemoryIdE10DeallocateEPd
FN:23,_ZN3s219RawMemoryINSt7__cxx1112basic_stringIcSt11char_traitsIcESaIcEEEE10DeallocateEPS6_
FNDA:12,_ZN3s219RawMemoryINSt7__cxx1112basic_stringIcSt11char_traitsIcESaIcEEEE10DeallocateEPS6_
FN:26,_ZN3s219RawMemoryIiEC2Ev
FNDA:1,_ZN3s219RawMemoryIiEC2Ev
FN:28,_ZN3s219RawMemoryINSt7__cxx1112basic_stringIcSt11char_traitsIcESaIcEEEEC2Em
FNDA:9,_ZN3s219RawMemoryINSt7__cxx1112basic_stringIcSt11char_traitsIcESaIcEEEEC2Em
FN:28,_ZN3s219RawMemoryIdEC2Em
FNDA:4,_ZN3s219RawMemoryIdEC2Em
FN:28,_ZN3s219RawMemoryIiEC2Em
FNDA:54,_ZN3s219RawMemoryIiEC2Em
FN:31,_ZN3s219RawMemoryIiED2Ev
FNDA:78,_ZN3s219RawMemoryIiED2Ev
FN:31,_ZN3s219RawMemoryIdED2Ev
FNDA:6,_ZN3s219RawMemoryIdED2Ev
FN:31,_ZN3s219RawMemoryINSt7__cxx1112basic_stringIcSt11char_traitsIcESaIcEEEED2Ev
FNDA:12,_ZN3s219RawMemoryINSt7__cxx1112basic_stringIcSt11char_traitsIcESaIcEEEED2Ev
FN:36,_ZN3s219RawMemoryIiEC2EOS1_
FNDA:3,_ZN3s219RawMemoryIiEC2EOS1_
FN:36,_ZN3s219RawMemoryIdEC2EOS1_
FNDA:1,_ZN3s219RawMemoryIdEC2EOS1_
FN:36,_ZN3s219RawMemoryINSt7__cxx1112basic_stringIcSt11char_traitsIcESaIcEEEEC2EOS7_
FNDA:1,_ZN3s219RawMemoryINSt7__cxx1112basic_stringIcSt11char_traitsIcESaIcEEEEC2EOS7_
FN:62,_ZN3s219RawMemoryINSt7__cxx1112basic_stringIcSt11char_traitsIcESaIcEEEEixEm
FNDA:34,_ZN3s219RawMemoryINSt7__cxx1112basic_stringIcSt11char_traitsIcESaIcEEEEixEm
FN:62,_ZN3s219RawMemoryIdEixEm
FNDA:30,_ZN3s219RawMemoryIdEixEm
FN:62,_ZN3s219RawMemoryIiEixEm
FNDA:6218,_ZN3s219RawMemoryIiEixEm
FN:67,_ZN3s219RawMemoryINSt7__cxx1112basic_stringIcSt11char_traitsIcESaIcEEEE4SwapERS7_
FNDA:2,_ZN3s219RawMemoryINSt7__cxx1112basic_stringIcSt11char_traitsIcESaIcEEEE4SwapERS7_
FN:67,_ZN3s219RawMemoryIiE4SwapERS1_
FNDA:20,_ZN3s219RawMemoryIiE4SwapERS1_
FN:72,_ZNK3s219RawMemoryINSt7__cxx1112basic_stringIcSt11char_traitsIcESaIcEEEE10GetAddressEv
FNDA:3,_ZNK3s219RawMemoryINSt7__cxx1112basic_stringIcSt11char_traitsIcESaIcEEEE10GetAddressEv
FN:72,_ZNK3s219RawMemoryIdE10GetAddressEv
FNDA:1,_ZNK3s219RawMemoryIdE10GetAddressEv
FN:72,_ZNK3s219RawMemoryIiE10GetAddressEv
FNDA:12,_ZNK3s219RawMemoryIiE10GetAddressEv
FN:73,_ZN3s219RawMemoryIdE10GetAddressEv
FNDA:10,_ZN3s219RawMemoryIdE10GetAddressEv
FN:73,_ZN3s219RawMemoryIiE10GetAddressEv
FNDA:201,_ZN3s219RawMemoryIiE10GetAddressEv
FN:73,_ZN3s219RawMemoryINSt7__cxx1112basic_stringIcSt11char_traitsIcESaIcEEEE10GetAddressEv
FNDA:32,_ZN3s219RawMemoryINSt7__cxx1112basic_stringIcSt11char_traitsIcESaIcEEEE10GetAddressEv
FN:74,_ZNK3s219RawMemoryIiE8CapacityEv
FNDA:56,_ZNK3s219RawMemoryIiE8CapacityEv
FN:74,_ZNK3s219RawMemoryINSt7__cxx1112basic_stringIcSt11char_traitsIcESaIcEEEE8CapacityEv
FNDA:6,_ZNK3s219RawMemoryINSt7__cxx1112basic_stringIcSt11char_traitsIcESaIcEEEE8CapacityEv
FN:74,_ZNK3s219RawMemoryIdE8CapacityEv
FNDA:5,_ZNK3s219RawMemoryIdE8CapacityEv
FN:88,_ZN3s216VectorIiEC2Ev
FNDA:1,_ZN3s216VectorIiEC2Ev
FN:91,_ZN3s216VectorIiEC2Em
FNDA:27,_ZN3s216VectorIiEC2Em
FN:91,_ZN3s216VectorIdEC2Em
FNDA:3,_ZN3s216VectorIdEC2Em
FN:91,_ZN3s216VectorINSt7__cxx1112basic_stringIcSt11char_traitsIcESaIcEEEEC2Em
FNDA:7,_ZN3s216VectorINSt7__cxx1112basic_stringIcSt11char_traitsIcESaIcEEEEC2Em
FN:95,_ZN3s216VectorIiEC2ESt16initializer_listIiE
FNDA:6,_ZN3s216VectorIiEC2ESt16initializer_listIiE
FN:104,_ZN3s216VectorIiEC2ERKS1_
FNDA:4,_ZN3s216VectorIiEC2ERKS1_
FN:104,_ZN3s216VectorIdEC2ERKS1_
FNDA:1,_ZN3s216VectorIdEC2ERKS1_
FN:104,_ZN3s216VectorINSt7__cxx1112basic_stringIcSt11char_traitsIcESaIcEEEEC2ERKS7_
FNDA:1,_ZN3s216VectorINSt7__cxx1112basic_stringIcSt11char_traitsIcESaIcEEEEC2ERKS7_
FN:110,_ZN3s216VectorIdEC2EOS1_
FNDA:1,_ZN3s216VectorIdEC2EOS1_
FN:110,_ZN3s216VectorIiEC2EOS1_
FNDA:3,_ZN3s216VectorIiEC2EOS1_
FN:110,_ZN3s216VectorINSt7__cxx1112basic_stringIcSt11char_traitsIcESaIcEEEEC2EOS7_
FNDA:1,_ZN3s216VectorINSt7__cxx1112basic_stringIcSt11char_traitsIcESaIcEEEEC2EOS7_
FN:114,_ZN3s216VectorIiED2Ev
FNDA:61,_ZN3s216VectorIiED2Ev
FN:114,_ZN3s216VectorINSt7__cxx1112basic_stringIcSt11char_traitsIcESaIcEEEED2Ev
FNDA:11,_ZN3s216VectorINSt7__cxx1112basic_stringIcSt11char_traitsIcESaIcEEEED2Ev
FN:114,_ZN3s216VectorIdED2Ev
FNDA:6,_ZN3s216VectorIdED2Ev
FN:117,_ZN3s216VectorINSt7__cxx1112basic_stringIcSt11char_traitsIcESaIcEEEE5beginEv
FNDA:5,_ZN3s216VectorINSt7__cxx1112basic_stringIcSt11char_traitsIcESaIcEEEE5beginEv
FN:117,_ZN3s216VectorIiE5beginEv
FNDA:22,_ZN3s216VectorIiE5beginEv
FN:118,_ZN3s216VectorINSt7__cxx1112basic_stringIcSt11char_traitsIcESaIcEEEE3endEv
FNDA:2,_ZN3s216VectorINSt7__cxx1112basic_stringIcSt11char_traitsIcESaIcEEEE3endEv
FN:118,_ZN3s216VectorIiE3endEv
FNDA:11,_ZN3s216VectorIiE3endEv
FN:119,_ZNK3s216VectorINSt7__cxx1112basic_stringIcSt11char_traitsIcESaIcEEEE6cbeginEv
FNDA:1,_ZNK3s216VectorINSt7__cxx1112basic_stringIcSt11char_traitsIcESaIcEEEE6cbeginEv
FN:119,_ZNK3s216VectorIiE6cbeginEv
FNDA:4,_ZNK3s216VectorIiE6cbeginEv
FN:120,_ZNK3s216VectorINSt7__cxx1112basic_stringIcSt11char_traitsIcESaIcEEEE4cendEv
FNDA:1,_ZNK3s216VectorINSt7__cxx1112basic_stringIcSt11char_traitsIcESaIcEEEE4cendEv
FN:120,_ZNK3s216VectorIiE4cendEv
FNDA:4,_ZNK3s216VectorIiE4cendEv
FN:121,_ZNK3s216VectorIiE5beginEv
FNDA:1,_ZNK3s216VectorIiE5beginEv
FN:122,_ZNK3s216VectorIiE3endEv
FNDA:1,_ZNK3s216VectorIiE3endEv
FN:125,_ZNK3s216VectorIdE4SizeEv
FNDA:12,_ZNK3s216VectorIdE4SizeEv
FN:125,_ZNK3s216VectorINSt7__cxx1112basic_stringIcSt11char_traitsIcESaIcEEEE4SizeEv
FNDA:13,_ZNK3s216VectorINSt7__cxx1112basic_stringIcSt11char_traitsIcESaIcEEEE4SizeEv
FN:125,_ZNK3s216VectorIiE4SizeEv
FNDA:1049,_ZNK3s216VectorIiE4SizeEv
FN:126,_ZNK3s216VectorINSt7__cxx1112basic_stringIcSt11char_traitsIcESaIcEEEE8CapacityEv
FNDA:5,_ZNK3s216VectorINSt7__cxx1112basic_stringIcSt11char_traitsIcESaIcEEEE8CapacityEv
FN:126,_ZNK3s216VectorIdE8CapacityEv
FNDA:5,_ZNK3s216VectorIdE8CapacityEv
FN:126,_ZNK3s216VectorIiE8CapacityEv
FNDA:30,_ZNK3s216VectorIiE8CapacityEv
FN:129,_ZN3s216VectorIiE4SwapERS1_
FNDA:3,_ZN3s216VectorIiE4SwapERS1_
FN:129,_ZN3s216VectorINSt7__cxx1112basic_stringIcSt11char_traitsIcESaIcEEEE4SwapERS7_
FNDA:1,_ZN3s216VectorINSt7__cxx1112basic_stringIcSt11char_traitsIcESaIcEEEE4SwapERS7_
FN:133,_ZN3s216VectorIiE7ReserveEm
FNDA:7,_ZN3s216VectorIiE7ReserveEm
FN:153,_ZN3s216VectorIiE6ResizeEm
FNDA:6,_ZN3s216VectorIiE6ResizeEm
FN:177,_ZN3s216VectorIiE6InsertEPKiOi
FNDA:1,_ZN3s216VectorIiE6InsertEPKiOi
FN:184,_ZN3s216VectorIiE7PopBackEv
FNDA:2,_ZN3s216VectorIiE7PopBackEv
FN:190,_ZN3s216VectorIiE5EraseEPKi
FNDA:2,_ZN3s216VectorIiE5EraseEPKi
FN:232,_ZNK3s216VectorIiEixEm
FNDA:3,_ZNK3s216VectorIiEixEm
FN:235,_ZN3s216VectorIiEixEm
FNDA:6186,_ZN3s216VectorIiEixEm
FN:235,_ZN3s216VectorIdEixEm
FNDA:30,_ZN3s216VectorIdEixEm
FN:235,_ZN3s216VectorINSt7__cxx1112basic_stringIcSt11char_traitsIcESaIcEEEEixEm
FNDA:34,_ZN3s216VectorINSt7__cxx1112basic_stringIcSt11char_traitsIcESaIcEEEEixEm
FN:240,_ZNK3s216VectorIiE5EmptyEv
FNDA:4,_ZNK3s216VectorIiE5EmptyEv
FN:242,_ZN3s216VectorIiE5ClearEv
FNDA:1,_ZN3s216VectorIiE5ClearEv
FN:252,_ZN3s216VectorIiE5FrontEv
FNDA:3,_ZN3s216VectorIiE5FrontEv
FN:262,_ZN3s216VectorIiE4BackEv
FNDA:3,_ZN3s216VectorIiE4BackEv
FN:270,_ZN3s216VectorIiE8PushBackIiEEvOT_
FNDA:10,_ZN3s216VectorIiE8PushBackIiEEvOT_
FN:314,_ZN3s216VectorIiE7EmplaceIJiEEEPiPKiDpOT_
FNDA:2,_ZN3s216VectorIiE7EmplaceIJiEEEPiPKiDpOT_
FN:314,_ZN3s216VectorINSt7__cxx1112basic_stringIcSt11char_traitsIcESaIcEEEE7EmplaceIJRA6_KcEEEPS6_PKS6_DpOT_
FNDA:1,_ZN3s216VectorINSt7__cxx1112basic_stringIcSt11char_traitsIcESaIcEEEE7EmplaceIJRA6_KcEEEPS6_PKS6_DpOT_
DA:20,9
DA:21,9
DA:20,4
DA:21,4
DA:20,54
DA:21,54
DA:23,12
DA:23,6
DA:23,78
DA:26,1
DA:28,9
DA:29,9
DA:28,4
DA:29,4
DA:28,54
DA:29,54
DA:31,12
DA:31,6
DA:31,78
DA:36,1
DA:37,1
DA:38,1
DA:36,1
DA:37,1
DA:38,1
DA:36,3
DA:37,3
DA:38,3
DA:62,34
DA:63,34
DA:64,34
DA:62,30
DA:63,30
DA:64,30
DA:62,6218
DA:63,6218
DA:64,6218
DA:67,2
DA:68,2
DA:69,2
DA:70,2
DA:67,20
DA:68,20
DA:69,20
DA:70,20
DA:72,3
DA:72,1
DA:72,12
DA:73,32
DA:73,10
DA:73,201
DA:74,6
DA:74,5
DA:74,56
DA:88,1
DA:91,7
DA:92,7
DA:93,7
DA:91,3
DA:92,3
DA:93,3
DA:91,27
DA:92,27
DA:93,27
DA:95,6
DA:96,6
DA:97,6
DA:98,32
DA:99,26
DA:101,6
DA:104,1
DA:105,1
DA:107,1
DA:104,1
DA:105,1
DA:107,1
DA:104,4
DA:105,4
DA:107,4
DA:110,1
DA:111,1
DA:110,1
DA:111,1
DA:110,3
DA:111,3
DA:114,11
DA:114,6
DA:114,61
DA:117,5
DA:117,22
DA:118,2
DA:118,11
DA:119,1
DA:119,4
DA:120,1
DA:120,4
DA:121,1
DA:122,1
DA:125,13
DA:125,12
DA:125,1049
DA:126,5
DA:126,5
DA:126,30
DA:129,1
DA:130,1
DA:131,1
DA:129,3
DA:130,3
DA:131,3
DA:133,7
DA:134,7
DA:135,2
DA:138,5
DA:142,5
DA:149,5
DA:150,5
DA:151,5
DA:153,6
DA:154,6
DA:155,2
DA:157,4
DA:158,3
DA:159,3
DA:161,4
DA:162,4
DA:164,6
DA:165,6
DA:177,1
DA:178,1
DA:184,2
DA:185,2
DA:186,2
DA:187,2
DA:188,2
DA:190,2
DA:191,2
DA:192,2
DA:193,2
DA:194,2
DA:195,2
DA:196,2
DA:232,3
DA:233,3
DA:235,34
DA:236,34
DA:237,34
DA:235,30
DA:236,30
DA:237,30
DA:235,6186
DA:236,6186
DA:237,6186
DA:240,4
DA:242,1
DA:243,1
DA:244,1
DA:245,1
DA:252,3
DA:253,3
DA:254,3
DA:262,3
DA:263,3
DA:264,3
DA:270,10
DA:271,10
DA:272,10
DA:273,10
DA:276,10
DA:282,10
DA:283,10
DA:284,10
DA:285,0
DA:287,10
DA:288,10
DA:314,2
DA:316,2
DA:317,2
DA:318,2
DA:319,2
DA:320,2
DA:323,2
DA:325,2
DA:326,2
DA:334,2
DA:335,2
DA:336,2
DA:338,0
DA:339,0
DA:340,0
DA:341,0
DA:342,0
DA:344,0
DA:346,0
DA:347,0
DA:348,0
DA:352,2
DA:353,2
DA:314,1
DA:316,1
DA:317,1
DA:318,1
DA:319,1
DA:320,1
DA:323,1
DA:325,1
DA:326,1
DA:334,1
DA:335,1
DA:336,1
DA:338,0
DA:339,0
DA:340,0
DA:341,0
DA:342,0
DA:343,0
DA:344,0
DA:346,0
DA:347,0
DA:348,0
DA:352,1
DA:353,1
end_of_record
SF:/home/corrie/edu/-containers-/src/unit_tests/vector.cc
FN:5,_ZN3s2135VectorTest_DefaultConstructor1_TestC2Ev
FNDA:1,_ZN3s2135VectorTest_DefaultConstructor1_TestC2Ev
FN:5,_ZN3s2135VectorTest_DefaultConstructor1_Test8TestBodyEv
FNDA:1,_ZN3s2135VectorTest_DefaultConstructor1_Test8TestBodyEv
FN:5,_ZN3s2135VectorTest_DefaultConstructor1_TestD2Ev
FNDA:1,_ZN3s2135VectorTest_DefaultConstructor1_TestD2Ev
FN:5,_ZN3s2135VectorTest_DefaultConstructor1_TestD0Ev
FNDA:1,_ZN3s2135VectorTest_DefaultConstructor1_TestD0Ev
FN:11,_ZN3s2135VectorTest_DefaultConstructor3_TestC2Ev
FNDA:1,_ZN3s2135VectorTest_DefaultConstructor3_TestC2Ev
FN:11,_ZN3s2135VectorTest_DefaultConstructor3_Test8TestBodyEv
FNDA:1,_ZN3s2135VectorTest_DefaultConstructor3_Test8TestBodyEv
FN:11,_ZN3s2135VectorTest_DefaultConstructor3_TestD2Ev
FNDA:1,_ZN3s2135VectorTest_DefaultConstructor3_TestD2Ev
FN:11,_ZN3s2135VectorTest_DefaultConstructor3_TestD0Ev
FNDA:1,_ZN3s2135VectorTest_DefaultConstructor3_TestD0Ev
FN:17,_ZN3s2135VectorTest_DefaultConstructor4_TestC2Ev
FNDA:1,_ZN3s2135VectorTest_DefaultConstructor4_TestC2Ev
FN:17,_ZN3s2135VectorTest_DefaultConstructor4_Test8TestBodyEv
FNDA:1,_ZN3s2135VectorTest_DefaultConstructor4_Test8TestBodyEv
FN:17,_ZN3s2135VectorTest_DefaultConstructor4_TestD0Ev
FNDA:1,_ZN3s2135VectorTest_DefaultConstructor4_TestD0Ev
FN:17,_ZN3s2135VectorTest_DefaultConstructor4_TestD2Ev
FNDA:1,_ZN3s2135VectorTest_DefaultConstructor4_TestD2Ev
FN:23,_ZN3s2135VectorTest_DefaultConstructor5_TestC2Ev
FNDA:1,_ZN3s2135VectorTest_DefaultConstructor5_TestC2Ev
FN:23,_ZN3s2135VectorTest_DefaultConstructor5_Test8TestBodyEv
FNDA:1,_ZN3s2135VectorTest_DefaultConstructor5_Test8TestBodyEv
FN:23,_ZN3s2135VectorTest_DefaultConstructor5_TestD2Ev
FNDA:1,_ZN3s2135VectorTest_DefaultConstructor5_TestD2Ev
FN:23,_ZN3s2135VectorTest_DefaultConstructor5_TestD0Ev
FNDA:1,_ZN3s2135VectorTest_DefaultConstructor5_TestD0Ev
FN:29,_ZN3s2135VectorTest_DefaultConstructor6_Test8TestBodyEv
FNDA:1,_ZN3s2135VectorTest_DefaultConstructor6_Test8TestBodyEv
FN:29,_ZN3s2135VectorTest_DefaultConstructor6_TestD2Ev
FNDA:1,_ZN3s2135VectorTest_DefaultConstructor6_TestD2Ev
FN:29,_ZN3s2135VectorTest_DefaultConstructor6_TestD0Ev
FNDA:1,_ZN3s2135VectorTest_DefaultConstructor6_TestD0Ev
FN:29,_ZN3s2135VectorTest_DefaultConstructor6_TestC2Ev
FNDA:1,_ZN3s2135VectorTest_DefaultConstructor6_TestC2Ev
FN:38,_ZN3s2132VectorTest_SizeConstructor1_TestD0Ev
FNDA:1,_ZN3s2132VectorTest_SizeConstructor1_TestD0Ev
FN:38,_ZN3s2132VectorTest_SizeConstructor1_TestD2Ev
FNDA:1,_ZN3s2132VectorTest_SizeConstructor1_TestD2Ev
FN:38,_ZN3s2132VectorTest_SizeConstructor1_TestC2Ev
FNDA:1,_ZN3s2132VectorTest_SizeConstructor1_TestC2Ev
FN:38,_ZN3s2132VectorTest_SizeConstructor1_Test8TestBodyEv
FNDA:1,_ZN3s2132VectorTest_SizeConstructor1_Test8TestBodyEv
FN:48,_ZN3s2132VectorTest_SizeConstructor2_TestC2Ev
FNDA:1,_ZN3s2132VectorTest_SizeConstructor2_TestC2Ev
FN:48,_ZN3s2132VectorTest_SizeConstructor2_Test8TestBodyEv
FNDA:1,_ZN3s2132VectorTest_SizeConstructor2_Test8TestBodyEv
FN:48,_ZN3s2132VectorTest_SizeConstructor2_TestD2Ev
FNDA:1,_ZN3s2132VectorTest_SizeConstructor2_TestD2Ev
FN:48,_ZN3s2132VectorTest_SizeConstructor2_TestD0Ev
FNDA:1,_ZN3s2132VectorTest_SizeConstructor2_TestD0Ev
FN:58,_ZN3s2132VectorTest_SizeConstructor3_TestC2Ev
FNDA:1,_ZN3s2132VectorTest_SizeConstructor3_TestC2Ev
FN:58,_ZN3s2132VectorTest_SizeConstructor3_TestD2Ev
FNDA:1,_ZN3s2132VectorTest_SizeConstructor3_TestD2Ev
FN:58,_ZN3s2132VectorTest_SizeConstructor3_TestD0Ev
FNDA:1,_ZN3s2132VectorTest_SizeConstructor3_TestD0Ev
FN:58,_ZN3s2132VectorTest_SizeConstructor3_Test8TestBodyEv
FNDA:1,_ZN3s2132VectorTest_SizeConstructor3_Test8TestBodyEv
FN:68,_ZN3s2132VectorTest_SizeConstructor4_TestD0Ev
FNDA:1,_ZN3s2132VectorTest_SizeConstructor4_TestD0Ev
FN:68,_ZN3s2132VectorTest_SizeConstructor4_TestD2Ev
FNDA:1,_ZN3s2132VectorTest_SizeConstructor4_TestD2Ev
FN:68,_ZN3s2132VectorTest_SizeConstructor4_Test8TestBodyEv
FNDA:1,_ZN3s2132VectorTest_SizeConstructor4_Test8TestBodyEv
FN:68,_ZN3s2132VectorTest_SizeConstructor4_TestC2Ev
FNDA:1,_ZN3s2132VectorTest_SizeConstructor4_TestC2Ev
FN:75,_ZN3s2132VectorTest_SizeConstructor5_TestC2Ev
FNDA:1,_ZN3s2132VectorTest_SizeConstructor5_TestC2Ev
FN:75,_ZN3s2132VectorTest_SizeConstructor5_TestD0Ev
FNDA:1,_ZN3s2132VectorTest_SizeConstructor5_TestD0Ev
FN:75,_ZN3s2132VectorTest_SizeConstructor5_TestD2Ev
FNDA:1,_ZN3s2132VectorTest_SizeConstructor5_TestD2Ev
FN:75,_ZN3s2132VectorTest_SizeConstructor5_Test8TestBodyEv
FNDA:1,_ZN3s2132VectorTest_SizeConstructor5_Test8TestBodyEv
FN:85,_ZN3s2132VectorTest_SizeConstructor6_TestC2Ev
FNDA:1,_ZN3s2132VectorTest_SizeConstructor6_TestC2Ev
FN:85,_ZN3s2132VectorTest_SizeConstructor6_TestD0Ev
FNDA:1,_ZN3s2132VectorTest_SizeConstructor6_TestD0Ev
FN:85,_ZN3s2132VectorTest_SizeConstructor6_TestD2Ev
FNDA:1,_ZN3s2132VectorTest_SizeConstructor6_TestD2Ev
FN:85,_ZN3s2132VectorTest_SizeConstructor6_Test8TestBodyEv
FNDA:1,_ZN3s2132VectorTest_SizeConstructor6_Test8TestBodyEv
FN:91,_ZN3s2132VectorTest_CopyConstructor1_TestD2Ev
FNDA:1,_ZN3s2132VectorTest_CopyConstructor1_TestD2Ev
FN:91,_ZN3s2132VectorTest_CopyConstructor1_TestD0Ev
FNDA:1,_ZN3s2132VectorTest_CopyConstructor1_TestD0Ev
FN:91,_ZN3s2132VectorTest_CopyConstructor1_Test8TestBodyEv
FNDA:1,_ZN3s2132VectorTest_CopyConstructor1_Test8TestBodyEv
FN:91,_ZN3s2132VectorTest_CopyConstructor1_TestC2Ev
FNDA:1,_ZN3s2132VectorTest_CopyConstructor1_TestC2Ev
FN:104,_ZN3s2132VectorTest_CopyConstructor2_TestD2Ev
FNDA:1,_ZN3s2132VectorTest_CopyConstructor2_TestD2Ev
FN:104,_ZN3s2132VectorTest_CopyConstructor2_TestD0Ev
FNDA:1,_ZN3s2132VectorTest_CopyConstructor2_TestD0Ev
FN:104,_ZN3s2132VectorTest_CopyConstructor2_Test8TestBodyEv
FNDA:1,_ZN3s2132VectorTest_CopyConstructor2_Test8TestBodyEv
FN:104,_ZN3s2132VectorTest_CopyConstructor2_TestC2Ev
FNDA:1,_ZN3s2132VectorTest_CopyConstructor2_TestC2Ev
FN:117,_ZN3s2132VectorTest_CopyConstructor3_Test8TestBodyEv
FNDA:1,_ZN3s2132VectorTest_CopyConstructor3_Test8TestBodyEv
FN:117,_ZN3s2132VectorTest_CopyConstructor3_TestD2Ev
FNDA:1,_ZN3s2132VectorTest_CopyConstructor3_TestD2Ev
FN:117,_ZN3s2132VectorTest_CopyConstructor3_TestC2Ev
FNDA:1,_ZN3s2132VectorTest_CopyConstructor3_TestC2Ev
FN:117,_ZN3s2132VectorTest_CopyConstructor3_TestD0Ev
FNDA:1,_ZN3s2132VectorTest_CopyConstructor3_TestD0Ev
FN:132,_ZN3s2132VectorTest_CopyConstructor4_TestD2Ev
FNDA:1,_ZN3s2132VectorTest_CopyConstructor4_TestD2Ev
FN:132,_ZN3s2132VectorTest_CopyConstructor4_TestD0Ev
FNDA:1,_ZN3s2132VectorTest_CopyConstructor4_TestD0Ev
FN:132,_ZN3s2132VectorTest_CopyConstructor4_TestC2Ev
FNDA:1,_ZN3s2132VectorTest_CopyConstructor4_TestC2Ev
FN:132,_ZN3s2132VectorTest_CopyConstructor4_Test8TestBodyEv
FNDA:1,_ZN3s2132VectorTest_CopyConstructor4_Test8TestBodyEv
FN:139,_ZN3s2132VectorTest_CopyConstructor5_TestC2Ev
FNDA:1,_ZN3s2132VectorTest_CopyConstructor5_TestC2Ev
FN:139,_ZN3s2132VectorTest_CopyConstructor5_Test8TestBodyEv
FNDA:1,_ZN3s2132VectorTest_CopyConstructor5_Test8TestBodyEv
FN:139,_ZN3s2132VectorTest_CopyConstructor5_TestD2Ev
FNDA:1,_ZN3s2132VectorTest_CopyConstructor5_TestD2Ev
FN:139,_ZN3s2132VectorTest_CopyConstructor5_TestD0Ev
FNDA:1,_ZN3s2132VectorTest_CopyConstructor5_TestD0Ev
FN:152,_ZN3s2132VectorTest_CopyConstructor6_TestC2Ev
FNDA:1,_ZN3s2132VectorTest_CopyConstructor6_TestC2Ev
FN:152,_ZN3s2132VectorTest_CopyConstructor6_Test8TestBodyEv
FNDA:1,_ZN3s2132VectorTest_CopyConstructor6_Test8TestBodyEv
FN:152,_ZN3s2132VectorTest_CopyConstructor6_TestD2Ev
FNDA:1,_ZN3s2132VectorTest_CopyConstructor6_TestD2Ev
FN:152,_ZN3s2132VectorTest_CopyConstructor6_TestD0Ev
FNDA:1,_ZN3s2132VectorTest_CopyConstructor6_TestD0Ev
FN:166,_ZN3s2132VectorTest_MoveConstructor1_Test8TestBodyEv
FNDA:1,_ZN3s2132VectorTest_MoveConstructor1_Test8TestBodyEv
FN:166,_ZN3s2132VectorTest_MoveConstructor1_TestC2Ev
FNDA:1,_ZN3s2132VectorTest_MoveConstructor1_TestC2Ev
FN:166,_ZN3s2132VectorTest_MoveConstructor1_TestD2Ev
FNDA:1,_ZN3s2132VectorTest_MoveConstructor1_TestD2Ev
FN:166,_ZN3s2132VectorTest_MoveConstructor1_TestD0Ev
FNDA:1,_ZN3s2132VectorTest_MoveConstructor1_TestD0Ev
FN:180,_ZN3s2132VectorTest_MoveConstructor2_TestC2Ev
FNDA:1,_ZN3s2132VectorTest_MoveConstructor2_TestC2Ev
FN:180,_ZN3s2132VectorTest_MoveConstructor2_TestD0Ev
FNDA:1,_ZN3s2132VectorTest_MoveConstructor2_TestD0Ev
FN:180,_ZN3s2132VectorTest_MoveConstructor2_TestD2Ev
FNDA:1,_ZN3s2132VectorTest_MoveConstructor2_TestD2Ev
FN:180,_ZN3s2132VectorTest_MoveConstructor2_Test8TestBodyEv
FNDA:1,_ZN3s2132VectorTest_MoveConstructor2_Test8TestBodyEv
FN:194,_ZN3s2132VectorTest_MoveConstructor3_TestD0Ev
FNDA:1,_ZN3s2132VectorTest_MoveConstructor3_TestD0Ev
FN:194,_ZN3s2132VectorTest_MoveConstructor3_TestD2Ev
FNDA:1,_ZN3s2132VectorTest_MoveConstructor3_TestD2Ev
FN:194,_ZN3s2132VectorTest_MoveConstructor3_Test8TestBodyEv
FNDA:1,_ZN3s2132VectorTest_MoveConstructor3_Test8TestBodyEv
FN:194,_ZN3s2132VectorTest_MoveConstructor3_TestC2Ev
FNDA:1,_ZN3s2132VectorTest_MoveConstructor3_TestC2Ev
FN:208,_ZN3s2132VectorTest_MoveConstructor4_TestD0Ev
FNDA:1,_ZN3s2132VectorTest_MoveConstructor4_TestD0Ev
FN:208,_ZN3s2132VectorTest_MoveConstructor4_TestD2Ev
FNDA:1,_ZN3s2132VectorTest_MoveConstructor4_TestD2Ev
FN:208,_ZN3s2132VectorTest_MoveConstructor4_TestC2Ev
FNDA:1,_ZN3s2132VectorTest_MoveConstructor4_TestC2Ev
FN:208,_ZN3s2132VectorTest_MoveConstructor4_Test8TestBodyEv
FNDA:1,_ZN3s2132VectorTest_MoveConstructor4_Test8TestBodyEv
FN:218,_ZN3s2132VectorTest_MoveConstructor5_TestD0Ev
FNDA:1,_ZN3s2132VectorTest_MoveConstructor5_TestD0Ev
FN:218,_ZN3s2132VectorTest_MoveConstructor5_Test8TestBodyEv
FNDA:1,_ZN3s2132VectorTest_MoveConstructor5_Test8TestBodyEv
FN:218,_ZN3s2132VectorTest_MoveConstructor5_TestD2Ev
FNDA:1,_ZN3s2132VectorTest_MoveConstructor5_TestD2Ev
FN:218,_ZN3s2132VectorTest_MoveConstructor5_TestC2Ev
FNDA:1,_ZN3s2132VectorTest_MoveConstructor5_TestC2Ev
FN:232,_ZN3s2121VectorTest_iter1_TestD0Ev
FNDA:1,_ZN3s2121VectorTest_iter1_TestD0Ev
FN:232,_ZN3s2121VectorTest_iter1_TestC2Ev
FNDA:1,_ZN3s2121VectorTest_iter1_TestC2Ev
FN:232,_ZN3s2121VectorTest_iter1_TestD2Ev
FNDA:1,_ZN3s2121VectorTest_iter1_TestD2Ev
FN:232,_ZN3s2121VectorTest_iter1_Test8TestBodyEv
FNDA:1,_ZN3s2121VectorTest_iter1_Test8TestBodyEv
FN:245,_ZN3s2121VectorTest_iter2_Test8TestBodyEv
FNDA:1,_ZN3s2121VectorTest_iter2_Test8TestBodyEv
FN:245,_ZN3s2121VectorTest_iter2_TestD2Ev
FNDA:1,_ZN3s2121VectorTest_iter2_TestD2Ev
FN:245,_ZN3s2121VectorTest_iter2_TestD0Ev
FNDA:1,_ZN3s2121VectorTest_iter2_TestD0Ev
FN:245,_ZN3s2121VectorTest_iter2_TestC2Ev
FNDA:1,_ZN3s2121VectorTest_iter2_TestC2Ev
FN:258,_ZN3s2121VectorTest_iter3_TestD2Ev
FNDA:1,_ZN3s2121VectorTest_iter3_TestD2Ev
FN:258,_ZN3s2121VectorTest_iter3_TestD0Ev
FNDA:1,_ZN3s2121VectorTest_iter3_TestD0Ev
FN:258,_ZN3s2121VectorTest_iter3_Test8TestBodyEv
FNDA:1,_ZN3s2121VectorTest_iter3_Test8TestBodyEv
FN:258,_ZN3s2121VectorTest_iter3_TestC2Ev
FNDA:1,_ZN3s2121VectorTest_iter3_TestC2Ev
FN:266,_ZN3s2121VectorTest_iter4_TestD2Ev
FNDA:1,_ZN3s2121VectorTest_iter4_TestD2Ev
FN:266,_ZN3s2121VectorTest_iter4_TestD0Ev
FNDA:1,_ZN3s2121VectorTest_iter4_TestD0Ev
FN:266,_ZN3s2121VectorTest_iter4_Test8TestBodyEv
FNDA:1,_ZN3s2121VectorTest_iter4_Test8TestBodyEv
FN:266,_ZN3s2121VectorTest_iter4_TestC2Ev
FNDA:1,_ZN3s2121VectorTest_iter4_TestC2Ev
FN:274,_ZN3s2121VectorTest_iter5_TestC2Ev
FNDA:1,_ZN3s2121VectorTest_iter5_TestC2Ev
FN:274,_ZN3s2121VectorTest_iter5_TestD2Ev
FNDA:1,_ZN3s2121VectorTest_iter5_TestD2Ev
FN:274,_ZN3s2121VectorTest_iter5_TestD0Ev
FNDA:1,_ZN3s2121VectorTest_iter5_TestD0Ev
FN:274,_ZN3s2121VectorTest_iter5_Test8TestBodyEv
FNDA:1,_ZN3s2121VectorTest_iter5_Test8TestBodyEv
FN:289,_ZN3s2121VectorTest_iter6_Test8TestBodyEv
FNDA:1,_ZN3s2121VectorTest_iter6_Test8TestBodyEv
FN:289,_ZN3s2121VectorTest_iter6_TestC2Ev
FNDA:1,_ZN3s2121VectorTest_iter6_TestC2Ev
FN:289,_ZN3s2121VectorTest_iter6_TestD0Ev
FNDA:1,_ZN3s2121VectorTest_iter6_TestD0Ev
FN:289,_ZN3s2121VectorTest_iter6_TestD2Ev
FNDA:1,_ZN3s2121VectorTest_iter6_TestD2Ev
FN:304,_ZN3s2121VectorTest_iter7_TestC2Ev
FNDA:1,_ZN3s2121VectorTest_iter7_TestC2Ev
FN:304,_ZN3s2121VectorTest_iter7_Test8TestBodyEv
FNDA:1,_ZN3s2121VectorTest_iter7_Test8TestBodyEv
FN:304,_ZN3s2121VectorTest_iter7_TestD0Ev
FNDA:1,_ZN3s2121VectorTest_iter7_TestD0Ev
FN:304,_ZN3s2121VectorTest_iter7_TestD2Ev
FNDA:1,_ZN3s2121VectorTest_iter7_TestD2Ev
FN:312,_ZN3s2121VectorTest_iter8_TestC2Ev
FNDA:1,_ZN3s2121VectorTest_iter8_TestC2Ev
FN:312,_ZN3s2121VectorTest_iter8_Test8TestBodyEv
FNDA:1,_ZN3s2121VectorTest_iter8_Test8TestBodyEv
FN:312,_ZN3s2121VectorTest_iter8_TestD0Ev
FNDA:1,_ZN3s2121VectorTest_iter8_TestD0Ev
FN:312,_ZN3s2121VectorTest_iter8_TestD2Ev
FNDA:1,_ZN3s2121VectorTest_iter8_TestD2Ev
FN:320,_ZN3s2121VectorTest_Swap1_TestC2Ev
FNDA:1,_ZN3s2121VectorTest_Swap1_TestC2Ev
FN:320,_ZN3s2121VectorTest_Swap1_TestD2Ev
FNDA:1,_ZN3s2121VectorTest_Swap1_TestD2Ev
FN:320,_ZN3s2121VectorTest_Swap1_TestD0Ev
FNDA:1,_ZN3s2121VectorTest_Swap1_TestD0Ev
FN:320,_ZN3s2121VectorTest_Swap1_Test8TestBodyEv
FNDA:1,_ZN3s2121VectorTest_Swap1_Test8TestBodyEv
FN:340,_ZN3s2121VectorTest_Swap2_Test8TestBodyEv
FNDA:1,_ZN3s2121VectorTest_Swap2_Test8TestBodyEv
FN:340,_ZN3s2121VectorTest_Swap2_TestD0Ev
FNDA:1,_ZN3s2121VectorTest_Swap2_TestD0Ev
FN:340,_ZN3s2121VectorTest_Swap2_TestC2Ev
FNDA:1,_ZN3s2121VectorTest_Swap2_TestC2Ev
FN:340,_ZN3s2121VectorTest_Swap2_TestD2Ev
FNDA:1,_ZN3s2121VectorTest_Swap2_TestD2Ev
FN:358,_ZN3s2121VectorTest_Swap3_TestD2Ev
FNDA:1,_ZN3s2121VectorTest_Swap3_TestD2Ev
FN:358,_ZN3s2121VectorTest_Swap3_Test8TestBodyEv
FNDA:1,_ZN3s2121VectorTest_Swap3_Test8TestBodyEv
FN:358,_ZN3s2121VectorTest_Swap3_TestC2Ev
FNDA:1,_ZN3s2121VectorTest_Swap3_TestC2Ev
FN:358,_ZN3s2121VectorTest_Swap3_TestD0Ev
FNDA:1,_ZN3s2121VectorTest_Swap3_TestD0Ev
FN:366,_ZN3s2121VectorTest_Swap4_Test8TestBodyEv
FNDA:1,_ZN3s2121VectorTest_Swap4_Test8TestBodyEv
FN:366,_ZN3s2121VectorTest_Swap4_TestC2Ev
FNDA:1,_ZN3s2121VectorTest_Swap4_TestC2Ev
FN:366,_ZN3s2121VectorTest_Swap4_TestD2Ev
FNDA:1,_ZN3s2121VectorTest_Swap4_TestD2Ev
FN:366,_ZN3s2121VectorTest_Swap4_TestD0Ev
FNDA:1,_ZN3s2121VectorTest_Swap4_TestD0Ev
FN:376,_ZN3s2124VectorTest_Reserve1_TestC2Ev
FNDA:1,_ZN3s2124VectorTest_Reserve1_TestC2Ev
FN:376,_ZN3s2124VectorTest_Reserve1_TestD0Ev
FNDA:1,_ZN3s2124VectorTest_Reserve1_TestD0Ev
FN:376,_ZN3s2124VectorTest_Reserve1_TestD2Ev
FNDA:1,_ZN3s2124VectorTest_Reserve1_TestD2Ev
FN:376,_ZN3s2124VectorTest_Reserve1_Test8TestBodyEv
FNDA:1,_ZN3s2124VectorTest_Reserve1_Test8TestBodyEv
FN:389,_ZN3s2124VectorTest_Reserve2_TestD2Ev
FNDA:1,_ZN3s2124VectorTest_Reserve2_TestD2Ev
FN:389,_ZN3s2124VectorTest_Reserve2_TestC2Ev
FNDA:1,_ZN3s2124VectorTest_Reserve2_TestC2Ev
FN:389,_ZN3s2124VectorTest_Reserve2_TestD0Ev
FNDA:1,_ZN3s2124VectorTest_Reserve2_TestD0Ev
FN:389,_ZN3s2124VectorTest_Reserve2_Test8TestBodyEv
FNDA:1,_ZN3s2124VectorTest_Reserve2_Test8TestBodyEv
FN:402,_ZN3s2124VectorTest_Reserve3_TestD2Ev
FNDA:1,_ZN3s2124VectorTest_Reserve3_TestD2Ev
FN:402,_ZN3s2124VectorTest_Reserve3_Test8TestBodyEv
FNDA:1,_ZN3s2124VectorTest_Reserve3_Test8TestBodyEv
FN:402,_ZN3s2124VectorTest_Reserve3_TestD0Ev
FNDA:1,_ZN3s2124VectorTest_Reserve3_TestD0Ev
FN:402,_ZN3s2124VectorTest_Reserve3_TestC2Ev
FNDA:1,_ZN3s2124VectorTest_Reserve3_TestC2Ev
FN:408,_ZN3s2124VectorTest_Reserve4_Test8TestBodyEv
FNDA:1,_ZN3s2124VectorTest_Reserve4_Test8TestBodyEv
FN:408,_ZN3s2124VectorTest_Reserve4_TestC2Ev
FNDA:1,_ZN3s2124VectorTest_Reserve4_TestC2Ev
FN:408,_ZN3s2124VectorTest_Reserve4_TestD2Ev
FNDA:1,_ZN3s2124VectorTest_Reserve4_TestD2Ev
FN:408,_ZN3s2124VectorTest_Reserve4_TestD0Ev
FNDA:1,_ZN3s2124VectorTest_Reserve4_TestD0Ev
FN:421,_ZN3s2123VectorTest_Resize1_TestC2Ev
FNDA:1,_ZN3s2123VectorTest_Resize1_TestC2Ev
FN:421,_ZN3s2123VectorTest_Resize1_Test8TestBodyEv
FNDA:1,_ZN3s2123VectorTest_Resize1_Test8TestBodyEv
FN:421,_ZN3s2123VectorTest_Resize1_TestD2Ev
FNDA:1,_ZN3s2123VectorTest_Resize1_TestD2Ev
FN:421,_ZN3s2123VectorTest_Resize1_TestD0Ev
FNDA:1,_ZN3s2123VectorTest_Resize1_TestD0Ev
FN:433,_ZN3s2123VectorTest_Resize2_TestC2Ev
FNDA:1,_ZN3s2123VectorTest_Resize2_TestC2Ev
FN:433,_ZN3s2123VectorTest_Resize2_TestD2Ev
FNDA:1,_ZN3s2123VectorTest_Resize2_TestD2Ev
FN:433,_ZN3s2123VectorTest_Resize2_TestD0Ev
FNDA:1,_ZN3s2123VectorTest_Resize2_TestD0Ev
FN:433,_ZN3s2123VectorTest_Resize2_Test8TestBodyEv
FNDA:1,_ZN3s2123VectorTest_Resize2_Test8TestBodyEv
FN:445,_ZN3s2123VectorTest_Resize3_TestC2Ev
FNDA:1,_ZN3s2123VectorTest_Resize3_TestC2Ev
FN:445,_ZN3s2123VectorTest_Resize3_TestD2Ev
FNDA:1,_ZN3s2123VectorTest_Resize3_TestD2Ev
FN:445,_ZN3s2123VectorTest_Resize3_TestD0Ev
FNDA:1,_ZN3s2123VectorTest_Resize3_TestD0Ev
FN:445,_ZN3s2123VectorTest_Resize3_Test8TestBodyEv
FNDA:1,_ZN3s2123VectorTest_Resize3_Test8TestBodyEv
FN:460,_ZN3s2123VectorTest_Resize4_Test8TestBodyEv
FNDA:1,_ZN3s2123VectorTest_Resize4_Test8TestBodyEv
FN:460,_ZN3s2123VectorTest_Resize4_TestD0Ev
FNDA:1,_ZN3s2123VectorTest_Resize4_TestD0Ev
FN:460,_ZN3s2123VectorTest_Resize4_TestC2Ev
FNDA:1,_ZN3s2123VectorTest_Resize4_TestC2Ev
FN:460,_ZN3s2123VectorTest_Resize4_TestD2Ev
FNDA:1,_ZN3s2123VectorTest_Resize4_TestD2Ev
FN:474,_ZN3s2123VectorTest_Resize5_Test8TestBodyEv
FNDA:1,_ZN3s2123VectorTest_Resize5_Test8TestBodyEv
FN:474,_ZN3s2123VectorTest_Resize5_TestD2Ev
FNDA:1,_ZN3s2123VectorTest_Resize5_TestD2Ev
FN:474,_ZN3s2123VectorTest_Resize5_TestD0Ev
FNDA:1,_ZN3s2123VectorTest_Resize5_TestD0Ev
FN:474,_ZN3s2123VectorTest_Resize5_TestC2Ev
FNDA:1,_ZN3s2123VectorTest_Resize5_TestC2Ev
FN:488,_ZN3s2123VectorTest_Resize6_Test8TestBodyEv
FNDA:1,_ZN3s2123VectorTest_Resize6_Test8TestBodyEv
FN:488,_ZN3s2123VectorTest_Resize6_TestC2Ev
FNDA:1,_ZN3s2123VectorTest_Resize6_TestC2Ev
FN:488,_ZN3s2123VectorTest_Resize6_TestD0Ev
FNDA:1,_ZN3s2123VectorTest_Resize6_TestD0Ev
FN:488,_ZN3s2123VectorTest_Resize6_TestD2Ev
FNDA:1,_ZN3s2123VectorTest_Resize6_TestD2Ev
FN:495,_ZN3s2125VectorTest_PushBack1_Test8TestBodyEv
FNDA:1,_ZN3s2125VectorTest_PushBack1_Test8TestBodyEv
FN:495,_ZN3s2125VectorTest_PushBack1_TestC2Ev
FNDA:1,_ZN3s2125VectorTest_PushBack1_TestC2Ev
FN:495,_ZN3s2125VectorTest_PushBack1_TestD0Ev
FNDA:1,_ZN3s2125VectorTest_PushBack1_TestD0Ev
FN:495,_ZN3s2125VectorTest_PushBack1_TestD2Ev
FNDA:1,_ZN3s2125VectorTest_PushBack1_TestD2Ev
FN:502,_ZN3s2125VectorTest_PushBack2_TestC2Ev
FNDA:1,_ZN3s2125VectorTest_PushBack2_TestC2Ev
FN:502,_ZN3s2125VectorTest_PushBack2_Test8TestBodyEv
FNDA:1,_ZN3s2125VectorTest_PushBack2_Test8TestBodyEv
FN:502,_ZN3s2125VectorTest_PushBack2_TestD0Ev
FNDA:1,_ZN3s2125VectorTest_PushBack2_TestD0Ev
FN:502,_ZN3s2125VectorTest_PushBack2_TestD2Ev
FNDA:1,_ZN3s2125VectorTest_PushBack2_TestD2Ev
FN:512,_ZN3s2124VectorTest_Emplace1_TestC2Ev
FNDA:1,_ZN3s2124VectorTest_Emplace1_TestC2Ev
FN:512,_ZN3s2124VectorTest_Emplace1_Test8TestBodyEv
FNDA:1,_ZN3s2124VectorTest_Emplace1_Test8TestBodyEv
FN:512,_ZN3s2124VectorTest_Emplace1_TestD2Ev
FNDA:1,_ZN3s2124VectorTest_Emplace1_TestD2Ev
FN:512,_ZN3s2124VectorTest_Emplace1_TestD0Ev
FNDA:1,_ZN3s2124VectorTest_Emplace1_TestD0Ev
FN:519,_ZN3s2124VectorTest_Emplace2_TestC2Ev
FNDA:1,_ZN3s2124VectorTest_Emplace2_TestC2Ev
FN:519,_ZN3s2124VectorTest_Emplace2_Test8TestBodyEv
FNDA:1,_ZN3s2124VectorTest_Emplace2_Test8TestBodyEv
FN:519,_ZN3s2124VectorTest_Emplace2_TestD2Ev
FNDA:1,_ZN3s2124VectorTest_Emplace2_TestD2Ev
FN:519,_ZN3s2124VectorTest_Emplace2_TestD0Ev
FNDA:1,_ZN3s2124VectorTest_Emplace2_TestD0Ev
FN:533,_ZN3s2126VectorTest_InsertCopy_TestD0Ev
FNDA:1,_ZN3s2126VectorTest_InsertCopy_TestD0Ev
FN:533,_ZN3s2126VectorTest_InsertCopy_TestD2Ev
FNDA:1,_ZN3s2126VectorTest_InsertCopy_TestD2Ev
FN:533,_ZN3s2126VectorTest_InsertCopy_Test8TestBodyEv
FNDA:1,_ZN3s2126VectorTest_InsertCopy_Test8TestBodyEv
FN:533,_ZN3s2126VectorTest_InsertCopy_TestC2Ev
FNDA:1,_ZN3s2126VectorTest_InsertCopy_TestC2Ev
FN:549,_ZN3s2124VectorTest_PopBack1_TestD0Ev
FNDA:1,_ZN3s2124VectorTest_PopBack1_TestD0Ev
FN:549,_ZN3s2124VectorTest_PopBack1_TestD2Ev
FNDA:1,_ZN3s2124VectorTest_PopBack1_TestD2Ev
FN:549,_ZN3s2124VectorTest_PopBack1_Test8TestBodyEv
FNDA:1,_ZN3s2124VectorTest_PopBack1_Test8TestBodyEv
FN:549,_ZN3s2124VectorTest_PopBack1_TestC2Ev
FNDA:1,_ZN3s2124VectorTest_PopBack1_TestC2Ev
FN:556,_ZN3s2124VectorTest_PopBack2_TestD0Ev
FNDA:1,_ZN3s2124VectorTest_PopBack2_TestD0Ev
FN:556,_ZN3s2124VectorTest_PopBack2_TestD2Ev
FNDA:1,_ZN3s2124VectorTest_PopBack2_TestD2Ev
FN:556,_ZN3s2124VectorTest_PopBack2_Test8TestBodyEv
FNDA:1,_ZN3s2124VectorTest_PopBack2_Test8TestBodyEv
FN:556,_ZN3s2124VectorTest_PopBack2_TestC2Ev
FNDA:1,_ZN3s2124VectorTest_PopBack2_TestC2Ev
FN:569,_ZN3s2122VectorTest_Erase1_TestD0Ev
FNDA:1,_ZN3s2122VectorTest_Erase1_TestD0Ev
FN:569,_ZN3s2122VectorTest_Erase1_TestC2Ev
FNDA:1,_ZN3s2122VectorTest_Erase1_TestC2Ev
FN:569,_ZN3s2122VectorTest_Erase1_TestD2Ev
FNDA:1,_ZN3s2122VectorTest_Erase1_TestD2Ev
FN:569,_ZN3s2122VectorTest_Erase1_Test8TestBodyEv
FNDA:1,_ZN3s2122VectorTest_Erase1_Test8TestBodyEv
FN:577,_ZN3s2122VectorTest_Erase2_TestD0Ev
FNDA:1,_ZN3s2122VectorTest_Erase2_TestD0Ev
FN:577,_ZN3s2122VectorTest_Erase2_TestD2Ev
FNDA:1,_ZN3s2122VectorTest_Erase2_TestD2Ev
FN:577,_ZN3s2122VectorTest_Erase2_TestC2Ev
FNDA:1,_ZN3s2122VectorTest_Erase2_TestC2Ev
FN:577,_ZN3s2122VectorTest_Erase2_Test8TestBodyEv
FNDA:1,_ZN3s2122VectorTest_Erase2_Test8TestBodyEv
FN:589,_ZN3s2136VectorTest_InitListConstructor1_TestD0Ev
FNDA:1,_ZN3s2136VectorTest_InitListConstructor1_TestD0Ev
FN:589,_ZN3s2136VectorTest_InitListConstructor1_TestD2Ev
FNDA:1,_ZN3s2136VectorTest_InitListConstructor1_TestD2Ev
FN:589,_ZN3s2136VectorTest_InitListConstructor1_Test8TestBodyEv
FNDA:1,_ZN3s2136VectorTest_InitListConstructor1_Test8TestBodyEv
FN:589,_ZN3s2136VectorTest_InitListConstructor1_TestC2Ev
FNDA:1,_ZN3s2136VectorTest_InitListConstructor1_TestC2Ev
FN:594,_ZN3s2136VectorTest_InitListConstructor2_Test8TestBodyEv
FNDA:1,_ZN3s2136VectorTest_InitListConstructor2_Test8TestBodyEv
FN:594,_ZN3s2136VectorTest_InitListConstructor2_TestD0Ev
FNDA:1,_ZN3s2136VectorTest_InitListConstructor2_TestD0Ev
FN:594,_ZN3s2136VectorTest_InitListConstructor2_TestD2Ev
FNDA:1,_ZN3s2136VectorTest_InitListConstructor2_TestD2Ev
FN:594,_ZN3s2136VectorTest_InitListConstructor2_TestC2Ev
FNDA:1,_ZN3s2136VectorTest_InitListConstructor2_TestC2Ev
FN:605,_ZN3s2126VectorTest_ConstIndex_Test8TestBodyEv
FNDA:1,_ZN3s2126VectorTest_ConstIndex_Test8TestBodyEv
FN:605,_ZN3s2126VectorTest_ConstIndex_TestD0Ev
FNDA:1,_ZN3s2126VectorTest_ConstIndex_TestD0Ev
FN:605,_ZN3s2126VectorTest_ConstIndex_TestD2Ev
FNDA:1,_ZN3s2126VectorTest_ConstIndex_TestD2Ev
FN:605,_ZN3s2126VectorTest_ConstIndex_TestC2Ev
FNDA:1,_ZN3s2126VectorTest_ConstIndex_TestC2Ev
FN:613,_ZN3s2129VectorTest_NonConstIndex_Test8TestBodyEv
FNDA:1,_ZN3s2129VectorTest_NonConstIndex_Test8TestBodyEv
FN:613,_ZN3s2129VectorTest_NonConstIndex_TestD0Ev
FNDA:1,_ZN3s2129VectorTest_NonConstIndex_TestD0Ev
FN:613,_ZN3s2129VectorTest_NonConstIndex_TestD2Ev
FNDA:1,_ZN3s2129VectorTest_NonConstIndex_TestD2Ev
FN:613,_ZN3s2129VectorTest_NonConstIndex_TestC2Ev
FNDA:1,_ZN3s2129VectorTest_NonConstIndex_TestC2Ev
FN:624,_ZN3s2138VectorTest_EmptyMethodEmptyVector_Test8TestBodyEv
FNDA:1,_ZN3s2138VectorTest_EmptyMethodEmptyVector_Test8TestBodyEv
FN:624,_ZN3s2138VectorTest_EmptyMethodEmptyVector_TestD0Ev
FNDA:1,_ZN3s2138VectorTest_EmptyMethodEmptyVector_TestD0Ev
FN:624,_ZN3s2138VectorTest_EmptyMethodEmptyVector_TestC2Ev
FNDA:1,_ZN3s2138VectorTest_EmptyMethodEmptyVector_TestC2Ev
FN:624,_ZN3s2138VectorTest_EmptyMethodEmptyVector_TestD2Ev
FNDA:1,_ZN3s2138VectorTest_EmptyMethodEmptyVector_TestD2Ev
FN:630,_ZN3s2127VectorTest_EmptyVector_TestD2Ev
FNDA:1,_ZN3s2127VectorTest_EmptyVector_TestD2Ev
FN:630,_ZN3s2127VectorTest_EmptyVector_Test8TestBodyEv
FNDA:1,_ZN3s2127VectorTest_EmptyVector_Test8TestBodyEv
FN:630,_ZN3s2127VectorTest_EmptyVector_TestC2Ev
FNDA:1,_ZN3s2127VectorTest_EmptyVector_TestC2Ev
FN:630,_ZN3s2127VectorTest_EmptyVector_TestD0Ev
FNDA:1,_ZN3s2127VectorTest_EmptyVector_TestD0Ev
FN:635,_ZN3s2127VectorTest_ClearVector_TestD2Ev
FNDA:1,_ZN3s2127VectorTest_ClearVector_TestD2Ev
FN:635,_ZN3s2127VectorTest_ClearVector_TestC2Ev
FNDA:1,_ZN3s2127VectorTest_ClearVector_TestC2Ev
FN:635,_ZN3s2127VectorTest_ClearVector_Test8TestBodyEv
FNDA:1,_ZN3s2127VectorTest_ClearVector_Test8TestBodyEv
FN:635,_ZN3s2127VectorTest_ClearVector_TestD0Ev
FNDA:1,_ZN3s2127VectorTest_ClearVector_TestD0Ev
FN:644,_ZN3s2128VectorTest_FrontAndBack_TestD0Ev
FNDA:1,_ZN3s2128VectorTest_FrontAndBack_TestD0Ev
FN:644,_ZN3s2128VectorTest_FrontAndBack_TestD2Ev
FNDA:1,_ZN3s2128VectorTest_FrontAndBack_TestD2Ev
FN:644,_ZN3s2128VectorTest_FrontAndBack_TestC2Ev
FNDA:1,_ZN3s2128VectorTest_FrontAndBack_TestC2Ev
FN:644,_ZN3s2128VectorTest_FrontAndBack_Test8TestBodyEv
FNDA:1,_ZN3s2128VectorTest_FrontAndBack_Test8TestBodyEv
FN:654,_ZN3s2133VectorTest_FrontAndBackEmpty_TestD0Ev
FNDA:1,_ZN3s2133VectorTest_FrontAndBackEmpty_TestD0Ev
FN:654,_ZN3s2133VectorTest_FrontAndBackEmpty_TestD2Ev
FNDA:1,_ZN3s2133VectorTest_FrontAndBackEmpty_TestD2Ev
FN:654,_ZN3s2133VectorTest_FrontAndBackEmpty_Test8TestBodyEv
FNDA:1,_ZN3s2133VectorTest_FrontAndBackEmpty_Test8TestBodyEv
FN:654,_ZN3s2133VectorTest_FrontAndBackEmpty_TestC2Ev
FNDA:1,_ZN3s2133VectorTest_FrontAndBackEmpty_TestC2Ev
DA:5,1
DA:5,1
DA:5,1
DA:5,1
DA:6,1
DA:7,1
DA:8,1
DA:9,1
DA:11,1
DA:11,1
DA:11,1
DA:11,1
DA:12,1
DA:13,1
DA:14,1
DA:15,1
DA:17,1
DA:17,1
DA:17,1
DA:17,1
DA:18,1
DA:19,1
DA:20,1
DA:21,1
DA:23,1
DA:23,1
DA:23,1
DA:23,1
DA:24,1
DA:25,1
DA:26,1
DA:27,1
DA:29,1
DA:29,1
DA:29,1
DA:29,1
DA:30,1
DA:31,1
DA:32,1
DA:33,1
DA:34,1
DA:35,1
DA:36,1
DA:38,1
DA:38,1
DA:38,1
DA:38,1
DA:39,1
DA:40,1
DA:41,1
DA:42,1
DA:43,6
DA:44,5
DA:46,1
DA:48,1
DA:48,1
DA:48,1
DA:48,1
DA:49,1
DA:50,1
DA:51,1
DA:52,1
DA:53,6
DA:54,5
DA:56,1
DA:58,1
DA:58,1
DA:58,1
DA:58,1
DA:59,1
DA:60,1
DA:61,1
DA:62,1
DA:63,4
DA:64,6
DA:66,1
DA:68,1
DA:68,1
DA:68,1
DA:68,1
DA:69,1
DA:70,1
DA:71,1
DA:72,1
DA:73,1
DA:75,1
DA:75,1
DA:75,1
DA:75,1
DA:76,1
DA:77,1
DA:78,1
DA:79,1
DA:80,1001
DA:81,1000
DA:83,1
DA:85,1
DA:85,1
DA:85,1
DA:85,1
DA:86,1
DA:87,1
DA:88,1
DA:89,1
DA:91,1
DA:91,1
DA:91,1
DA:91,1
DA:92,1
DA:93,6
DA:94,5
DA:96,1
DA:97,1
DA:98,1
DA:99,6
DA:100,5
DA:102,1
DA:104,1
DA:104,1
DA:104,1
DA:104,1
DA:105,1
DA:106,6
DA:107,5
DA:109,1
DA:110,1
DA:111,1
DA:112,6
DA:113,5
DA:115,1
DA:117,1
DA:117,1
DA:117,1
DA:117,1
DA:118,1
DA:119,1
DA:120,1
DA:121,1
DA:123,1
DA:125,1
DA:126,1
DA:127,4
DA:128,3
DA:130,1
DA:132,1
DA:132,1
DA:132,1
DA:132,1
DA:133,1
DA:134,1
DA:135,1
DA:136,1
DA:137,1
DA:139,1
DA:139,1
DA:139,1
DA:139,1
DA:140,1
DA:141,1001
DA:142,1000
DA:144,1
DA:145,1
DA:146,1
DA:147,1001
DA:148,1000
DA:150,1
DA:152,1
DA:152,1
DA:152,1
DA:152,1
DA:153,1
DA:154,1
DA:155,1
DA:156,1
DA:157,1
DA:158,1
DA:159,1
DA:160,1
DA:161,1
DA:162,1
DA:163,1
DA:164,1
DA:166,1
DA:166,1
DA:166,1
DA:166,1
DA:167,1
DA:168,6
DA:169,5
DA:171,1
DA:172,1
DA:173,6
DA:174,5
DA:176,1
DA:177,1
DA:178,1
DA:180,1
DA:180,1
DA:180,1
DA:180,1
DA:181,1
DA:182,6
DA:183,5
DA:185,1
DA:186,1
DA:187,6
DA:188,5
DA:190,1
DA:191,1
DA:192,1
DA:194,1
DA:194,1
DA:194,1
DA:194,1
DA:195,1
DA:196,1
DA:197,1
DA:198,1
DA:199,1
DA:200,1
DA:201,1
DA:202,1
DA:203,1
DA:204,1
DA:205,1
DA:206,1
DA:208,1
DA:208,1
DA:208,1
DA:208,1
DA:209,1
DA:210,1
DA:212,1
DA:213,1
DA:214,1
DA:215,1
DA:216,1
DA:218,1
DA:218,1
DA:218,1
DA:218,1
DA:219,1
DA:220,1001
DA:221,1000
DA:223,1
DA:224,1
DA:225,1001
DA:226,1000
DA:228,1
DA:229,1
DA:230,1
DA:232,1
DA:232,1
DA:232,1
DA:232,1
DA:233,1
DA:234,6
DA:235,5
DA:237,1
DA:238,1
DA:239,1
DA:240,6
DA:241,5
DA:243,1
DA:245,1
DA:245,1
DA:245,1
DA:245,1
DA:246,1
DA:247,6
DA:248,5
DA:250,1
DA:251,1
DA:252,1
DA:253,6
DA:254,5
DA:256,1
DA:258,1
DA:258,1
DA:258,1
DA:258,1
DA:259,1
DA:260,1
DA:261,1
DA:262,1
DA:263,1
DA:264,1
DA:266,1
DA:266,1
DA:266,1
DA:266,1
DA:267,1
DA:268,1
DA:269,1
DA:270,1
DA:271,1
DA:272,1
DA:274,1
DA:274,1
DA:274,1
DA:274,1
DA:275,1
DA:276,1
DA:277,1
DA:278,1
DA:279,1
DA:280,1
DA:281,1
DA:282,1
DA:283,1
DA:284,1
DA:285,1
DA:286,1
DA:287,1
DA:289,1
DA:289,1
DA:289,1
DA:289,1
DA:290,1
DA:291,1
DA:292,1
DA:293,1
DA:294,1
DA:295,1
DA:296,1
DA:297,1
DA:298,1
DA:299,1
DA:300,1
DA:301,1
DA:302,1
DA:304,1
DA:304,1
DA:304,1
DA:304,1
DA:305,1
DA:306,1
DA:307,1
DA:309,1
DA:310,1
DA:312,1
DA:312,1
DA:312,1
DA:312,1
DA:313,1
DA:314,1
DA:315,1
DA:317,1
DA:318,1
DA:320,1
DA:320,1
DA:320,1
DA:320,1
DA:321,1
DA:322,6
DA:323,5
DA:325,1
DA:326,4
DA:327,3
DA:329,1
DA:330,1
DA:331,1
DA:332,4
DA:333,3
DA:335,6
DA:336,5
DA:338,1
DA:340,1
DA:340,1
DA:340,1
DA:340,1
DA:341,1
DA:342,1
DA:343,1
DA:344,1
DA:345,1
DA:346,1
DA:347,1
DA:348,1
DA:349,1
DA:350,1
DA:351,1
DA:352,1
DA:353,1
DA:354,1
DA:355,1
DA:356,1
DA:358,1
DA:358,1
DA:358,1
DA:358,1
DA:359,1
DA:360,1
DA:361,1
DA:362,1
DA:363,1
DA:364,1
DA:366,1
DA:366,1
DA:366,1
DA:366,1
DA:367,1
DA:368,1
DA:369,1
DA:370,1
DA:371,1
DA:372,1
DA:373,1
DA:374,1
DA:376,1
DA:376,1
DA:376,1
DA:376,1
DA:377,1
DA:378,6
DA:379,5
DA:381,1
DA:382,1
DA:383,1
DA:384,6
DA:385,5
DA:387,1
DA:389,1
DA:389,1
DA:389,1
DA:389,1
DA:390,1
DA:391,6
DA:392,5
DA:394,1
DA:395,1
DA:396,1
DA:397,6
DA:398,5
DA:400,1
DA:402,1
DA:402,1
DA:402,1
DA:402,1
DA:403,1
DA:404,1
DA:405,1
DA:406,1
DA:408,1
DA:408,1
DA:408,1
DA:408,1
DA:409,1
DA:410,6
DA:411,5
DA:413,1
DA:414,1
DA:415,1
DA:416,6
DA:417,5
DA:419,1
DA:421,1
DA:421,1
DA:421,1
DA:421,1
DA:422,1
DA:423,6
DA:424,5
DA:426,1
DA:427,1
DA:428,4
DA:429,3
DA:431,1
DA:433,1
DA:433,1
DA:433,1
DA:433,1
DA:434,1
DA:435,6
DA:436,5
DA:438,1
DA:439,1
DA:440,6
DA:441,5
DA:443,1
DA:445,1
DA:445,1
DA:445,1
DA:445,1
DA:446,1
DA:447,4
DA:448,3
DA:450,1
DA:451,1
DA:452,4
DA:453,3
DA:455,3
DA:456,2
DA:458,1
DA:460,1
DA:460,1
DA:460,1
DA:460,1
DA:461,1
DA:462,11
DA:463,10
DA:465,1
DA:466,1
DA:467,1
DA:468,1
DA:469,6
DA:470,5
DA:472,1
DA:474,1
DA:474,1
DA:474,1
DA:474,1
DA:475,1
DA:476,6
DA:477,5
DA:479,1
DA:480,1
DA:481,1
DA:482,1
DA:483,6
DA:484,5
DA:486,1
DA:488,1
DA:488,1
DA:488,1
DA:488,1
DA:489,1
DA:490,1
DA:491,1
DA:492,1
DA:493,1
DA:495,1
DA:495,1
DA:495,1
DA:495,1
DA:496,1
DA:497,1
DA:498,1
DA:499,1
DA:500,1
DA:502,1
DA:502,1
DA:502,1
DA:502,1
DA:503,1
DA:504,1
DA:505,1
DA:506,1
DA:507,1
DA:508,1
DA:509,1
DA:510,1
DA:512,1
DA:512,1
DA:512,1
DA:512,1
DA:513,1
DA:514,1
DA:515,1
DA:516,1
DA:517,1
DA:519,1
DA:519,1
DA:519,1
DA:519,1
DA:520,1
DA:521,1
DA:522,1
DA:523,1
DA:524,1
DA:525,1
DA:526,1
DA:527,1
DA:528,1
DA:529,1
DA:530,1
DA:531,1
DA:533,1
DA:533,1
DA:533,1
DA:533,1
DA:534,1
DA:535,1
DA:536,1
DA:537,1
DA:539,1
DA:541,1
DA:542,1
DA:543,1
DA:544,1
DA:545,1
DA:546,1
DA:547,1
DA:549,1
DA:549,1
DA:549,1
DA:549,1
DA:550,1
DA:551,1
DA:552,1
DA:553,1
DA:554,1
DA:556,1
DA:556,1
DA:556,1
DA:556,1
DA:557,1
DA:558,1
DA:559,1
DA:560,1
DA:562,1
DA:564,1
DA:565,1
DA:566,1
DA:567,1
DA:569,1
DA:569,1
DA:569,1
DA:569,1
DA:570,1
DA:571,1
DA:572,1
DA:573,1
DA:574,1
DA:575,1
DA:577,1
DA:577,1
DA:577,1
DA:577,1
DA:578,1
DA:579,1
DA:580,1
DA:581,1
DA:582,1
DA:583,1
DA:584,1
DA:585,1
DA:586,1
DA:587,1
DA:589,1
DA:589,1
DA:589,1
DA:589,1
DA:590,1
DA:591,1
DA:592,1
DA:594,1
DA:594,1
DA:594,1
DA:594,1
DA:595,1
DA:597,1
DA:598,1
DA:599,1
DA:600,1
DA:601,1
DA:602,1
DA:603,1
DA:605,1
DA:605,1
DA:605,1
DA:605,1
DA:606,1
DA:608,1
DA:609,1
DA:610,1
DA:611,1
DA:613,1
DA:613,1
DA:613,1
DA:613,1
DA:614,1
DA:615,1
DA:616,1
DA:617,1
DA:618,1
DA:619,1
DA:620,1
DA:621,1
DA:622,1
DA:624,1
DA:624,1
DA:624,1
DA:624,1
DA:625,1
DA:627,1
DA:628,1
DA:630,1
DA:630,1
DA:630,1
DA:630,1
DA:631,1
DA:632,1
DA:633,1
DA:635,1
DA:635,1
DA:635,1
DA:635,1
DA:636,1
DA:637,1
DA:638,1
DA:639,1
DA:640,1
DA:641,1
DA:642,1
DA:644,1
DA:644,1
DA:644,1
DA:644,1
DA:645,1
DA:646,1
DA:647,1
DA:648,1
DA:649,1
DA:650,1
DA:651,1
DA:652,1
DA:654,1
DA:654,1
DA:654,1
DA:654,1
DA:655,1
DA:656,1
DA:657,1
DA:658,1
end_of_record
TN:
SF:/home/corrie/edu/-containers-/src/rb-tree/s21_tree.h
FN:21,_ZN3s214NodeIcEC2Ev
FNDA:4,_ZN3s214NodeIcEC2Ev
FN:21,_ZN3s214NodeIiEC2Ev
FNDA:71,_ZN3s214NodeIiEC2Ev
FN:23,_ZN3s214NodeIcEC2ERKc
FNDA:14,_ZN3s214NodeIcEC2ERKc
FN:23,_ZN3s214NodeIiEC2ERKi
FNDA:397,_ZN3s214NodeIiEC2ERKi
FN:33,_ZN3s214NodeIcED2Ev
FNDA:18,_ZN3s214NodeIcED2Ev
FN:33,_ZN3s214NodeIiED2Ev
FNDA:468,_ZN3s214NodeIiED2Ev
FN:48,_ZN3s218IteratorIcEC2EPNS_4NodeIcEE
FNDA:21,_ZN3s218IteratorIcEC2EPNS_4NodeIcEE
FN:48,_ZN3s218IteratorIiEC2EPNS_4NodeIiEE
FNDA:619,_ZN3s218IteratorIiEC2EPNS_4NodeIiEE
FN:50,_ZN3s218IteratorIiEC2ERKS1_
FNDA:524,_ZN3s218IteratorIiEC2ERKS1_
FN:50,_ZN3s218IteratorIcEC2ERKS1_
FNDA:10,_ZN3s218IteratorIcEC2ERKS1_
FN:52,_ZN3s218IteratorIcEC2EOS1_
FNDA:10,_ZN3s218IteratorIcEC2EOS1_
FN:52,_ZN3s218IteratorIiEC2EOS1_
FNDA:256,_ZN3s218IteratorIiEC2EOS1_
FN:61,_ZN3s218IteratorIcEaSEOS1_
FNDA:10,_ZN3s218IteratorIcEaSEOS1_
FN:61,_ZN3s218IteratorIiEaSEOS1_
FNDA:270,_ZN3s218IteratorIiEaSEOS1_
FN:66,_ZN3s218IteratorIiED2Ev
FNDA:1399,_ZN3s218IteratorIiED2Ev
FN:66,_ZN3s218IteratorIcED2Ev
FNDA:41,_ZN3s218IteratorIcED2Ev
FN:70,_ZN3s218IteratorIcEppEv
FNDA:4,_ZN3s218IteratorIcEppEv
FN:70,_ZN3s218IteratorIiEppEv
FNDA:183,_ZN3s218IteratorIiEppEv
FN:94,_ZN3s218IteratorIcEdeEv
FNDA:4,_ZN3s218IteratorIcEdeEv
FN:94,_ZN3s218IteratorIiEdeEv
FNDA:148,_ZN3s218IteratorIiEdeEv
FN:96,_ZN3s218IteratorIiEppEi
FNDA:1,_ZN3s218IteratorIiEppEi
FN:102,_ZN3s218IteratorIiEmmEv
FNDA:2,_ZN3s218IteratorIiEmmEv
FN:120,_ZN3s218IteratorIiEmmEi
FNDA:1,_ZN3s218IteratorIiEmmEi
FN:128,_ZN3s218IteratorIiEeqERKS1_
FNDA:39,_ZN3s218IteratorIiEeqERKS1_
FN:132,_ZN3s218IteratorIiEneERKS1_
FNDA:10,_ZN3s218IteratorIiEneERKS1_
FN:151,_ZN3s2113ConstIteratorIcEC2EPNS_4NodeIcEE
FNDA:6,_ZN3s2113ConstIteratorIcEC2EPNS_4NodeIcEE
FN:151,_ZN3s2113ConstIteratorIiEC2EPNS_4NodeIiEE
FNDA:10,_ZN3s2113ConstIteratorIiEC2EPNS_4NodeIiEE
FN:169,_ZN3s2113ConstIteratorIiEppEv
FNDA:2,_ZN3s2113ConstIteratorIiEppEv
FN:169,_ZN3s2113ConstIteratorIcEppEv
FNDA:4,_ZN3s2113ConstIteratorIcEppEv
FN:193,_ZN3s2113ConstIteratorIiEmmEv
FNDA:2,_ZN3s2113ConstIteratorIiEmmEv
FN:210,_ZN3s2113ConstIteratorIiEmmEi
FNDA:1,_ZN3s2113ConstIteratorIiEmmEi
FN:216,_ZN3s2113ConstIteratorIiEeqERKS1_
FNDA:2,_ZN3s2113ConstIteratorIiEeqERKS1_
FN:220,_ZN3s2113ConstIteratorIcEneERKS1_
FNDA:5,_ZN3s2113ConstIteratorIcEneERKS1_
FN:224,_ZN3s2113ConstIteratorIiEdeEv
FNDA:4,_ZN3s2113ConstIteratorIiEdeEv
FN:226,_ZN3s2113ConstIteratorIiEppEi
FNDA:1,_ZN3s2113ConstIteratorIiEppEi
FN:246,_ZN3s216RBTreeIiNS_3setIiE11CompareLessEEC2Ev
FNDA:71,_ZN3s216RBTreeIiNS_3setIiE11CompareLessEEC2Ev
FN:246,_ZN3s216RBTreeIcNS_3setIcE11CompareLessEEC2Ev
FNDA:4,_ZN3s216RBTreeIcNS_3setIcE11CompareLessEEC2Ev
DA:21,4
DA:21,71
DA:23,14
DA:24,14
DA:23,397
DA:24,397
DA:33,18
DA:33,468
DA:48,21
DA:48,619
DA:50,10
DA:50,524
DA:52,10
DA:52,256
DA:61,10
DA:62,10
DA:63,10
DA:61,270
DA:62,270
DA:63,270
DA:66,41
DA:66,1399
DA:70,4
DA:71,4
DA:72,0
DA:75,4
DA:76,0
DA:77,0
DA:78,0
DA:81,4
DA:82,1
DA:83,1
DA:86,4
DA:87,1
DA:89,3
DA:91,4
DA:70,183
DA:71,183
DA:72,0
DA:75,183
DA:76,2
DA:77,4
DA:78,2
DA:81,181
DA:82,58
DA:83,103
DA:86,178
DA:87,55
DA:89,123
DA:91,181
DA:94,4
DA:94,148
DA:96,1
DA:97,1
DA:98,1
DA:99,1
DA:102,2
DA:103,2
DA:104,0
DA:107,2
DA:108,2
DA:109,4
DA:112,0
DA:113,0
DA:115,0
DA:117,2
DA:120,1
DA:121,1
DA:122,1
DA:123,1
DA:128,39
DA:129,39
DA:132,10
DA:133,10
DA:151,6
DA:151,10
DA:169,4
DA:170,4
DA:171,0
DA:173,4
DA:174,0
DA:175,0
DA:176,0
DA:179,4
DA:180,1
DA:181,1
DA:184,4
DA:185,1
DA:187,3
DA:190,4
DA:169,2
DA:170,2
DA:171,0
DA:173,2
DA:174,0
DA:175,0
DA:176,0
DA:179,2
DA:180,0
DA:181,0
DA:184,2
DA:185,0
DA:187,2
DA:190,2
DA:193,2
DA:194,2
DA:195,0
DA:197,2
DA:198,2
DA:199,4
DA:202,0
DA:203,0
DA:205,0
DA:207,2
DA:210,1
DA:211,1
DA:212,1
DA:213,1
DA:216,2
DA:217,2
DA:220,5
DA:221,5
DA:224,4
DA:226,1
DA:227,1
DA:228,1
DA:229,1
DA:246,4
DA:246,71
end_of_record
SF:/home/corrie/edu/-containers-/src/set/s21_set.h
FN:16,_ZNK3s213setIcE11CompareLessclERKcS4_
FNDA:25,_ZNK3s213setIcE11CompareLessclERKcS4_
FN:16,_ZNK3s213setIiE11CompareLessclERKiS4_
FNDA:2111,_ZNK3s213setIiE11CompareLessclERKiS4_
FN:26,_ZN3s213setIcEC2Ev
FNDA:3,_ZN3s213setIcEC2Ev
FN:26,_ZN3s213setIiEC2Ev
FNDA:50,_ZN3s213setIiEC2Ev
FN:28,_ZN3s213setIcEC2ERKS1_
FNDA:1,_ZN3s213setIcEC2ERKS1_
FN:28,_ZN3s213setIiEC2ERKS1_
FNDA:20,_ZN3s213setIiEC2ERKS1_
FN:29,_ZN3s213setIiEC2EOS1_
FNDA:1,_ZN3s213setIiEC2EOS1_
FN:32,_ZN3s213setIcED2Ev
FNDA:4,_ZN3s213setIcED2Ev
FN:32,_ZN3s213setIiED2Ev
FNDA:71,_ZN3s213setIiED2Ev
DA:16,25
DA:17,25
DA:16,2111
DA:17,2111
DA:26,3
DA:26,50
DA:28,1
DA:28,20
DA:29,1
DA:32,4
DA:32,71
end_of_record
SF:/home/corrie/edu/-containers-/src/rb-tree/s21_tree.tcc
FN:5,_ZN3s216RBTreeIiNS_3setIiE11CompareLessEEC2ERKS4_
FNDA:20,_ZN3s216RBTreeIiNS_3setIiE11CompareLessEEC2ERKS4_
FN:5,_ZN3s216RBTreeIcNS_3setIcE11CompareLessEEC2ERKS4_
FNDA:1,_ZN3s216RBTreeIcNS_3setIcE11CompareLessEEC2ERKS4_
FN:18,_ZN3s216RBTreeIcNS_3setIcE11CompareLessEE8TreeCopyEPKNS_4NodeIcEE
FNDA:4,_ZN3s216RBTreeIcNS_3setIcE11CompareLessEE8TreeCopyEPKNS_4NodeIcEE
FN:18,_ZN3s216RBTreeIiNS_3setIiE11CompareLessEE8TreeCopyEPKNS_4NodeIiEE
FNDA:146,_ZN3s216RBTreeIiNS_3setIiE11CompareLessEE8TreeCopyEPKNS_4NodeIiEE
FN:30,_ZN3s216RBTreeIiNS_3setIiE11CompareLessEEC2EOS4_
FNDA:1,_ZN3s216RBTreeIiNS_3setIiE11CompareLessEEC2EOS4_
FN:37,_ZN3s216RBTreeIiNS_3setIiE11CompareLessEEaSEOS4_
FNDA:1,_ZN3s216RBTreeIiNS_3setIiE11CompareLessEEaSEOS4_
FN:45,_ZN3s216RBTreeIiNS_3setIiE11CompareLessEED2Ev
FNDA:71,_ZN3s216RBTreeIiNS_3setIiE11CompareLessEED2Ev
FN:45,_ZN3s216RBTreeIcNS_3setIcE11CompareLessEED2Ev
FNDA:4,_ZN3s216RBTreeIcNS_3setIcE11CompareLessEED2Ev
FN:54,_ZN3s216RBTreeIiNS_3setIiE11CompareLessEE6InsertERKi
FNDA:254,_ZN3s216RBTreeIiNS_3setIiE11CompareLessEE6InsertERKi
FN:54,_ZN3s216RBTreeIcNS_3setIcE11CompareLessEE6InsertERKc
FNDA:10,_ZN3s216RBTreeIcNS_3setIcE11CompareLessEE6InsertERKc
FN:69,_ZN3s216RBTreeIcNS_3setIcE11CompareLessEE6InsertEPNS_4NodeIcEES7_RKcRSt4pairINS_8IteratorIcEEbE
FNDA:19,_ZN3s216RBTreeIcNS_3setIcE11CompareLessEE6InsertEPNS_4NodeIcEES7_RKcRSt4pairINS_8IteratorIcEEbE
FN:69,_ZN3s216RBTreeIiNS_3setIiE11CompareLessEE6InsertEPNS_4NodeIiEES7_RKiRSt4pairINS_8IteratorIiEEbE
FNDA:815,_ZN3s216RBTreeIiNS_3setIiE11CompareLessEE6InsertEPNS_4NodeIiEES7_RKiRSt4pairINS_8IteratorIiEEbE
FN:94,_ZN3s216RBTreeIcNS_3setIcE11CompareLessEE5FixUpEPNS_4NodeIcEE
FNDA:19,_ZN3s216RBTreeIcNS_3setIcE11CompareLessEE5FixUpEPNS_4NodeIcEE
FN:94,_ZN3s216RBTreeIiNS_3setIiE11CompareLessEE5FixUpEPNS_4NodeIiEE
FNDA:959,_ZN3s216RBTreeIiNS_3setIiE11CompareLessEE5FixUpEPNS_4NodeIiEE
FN:106,_ZN3s216RBTreeIiNS_3setIiE11CompareLessEE9TreeEraseENS_8IteratorIiEE
FNDA:38,_ZN3s216RBTreeIiNS_3setIiE11CompareLessEE9TreeEraseENS_8IteratorIiEE
FN:117,_ZN3s216RBTreeIiNS_3setIiE11CompareLessEE9TreeEraseEPNS_4NodeIiEENS_8IteratorIiEE
FNDA:166,_ZN3s216RBTreeIiNS_3setIiE11CompareLessEE9TreeEraseEPNS_4NodeIiEENS_8IteratorIiEE
FN:149,_ZN3s216RBTreeIiNS_3setIiE11CompareLessEE11MoveRedLeftEPNS_4NodeIiEE
FNDA:43,_ZN3s216RBTreeIiNS_3setIiE11CompareLessEE11MoveRedLeftEPNS_4NodeIiEE
FN:161,_ZN3s216RBTreeIiNS_3setIiE11CompareLessEE12MoveRedRightEPNS_4NodeIiEE
FNDA:27,_ZN3s216RBTreeIiNS_3setIiE11CompareLessEE12MoveRedRightEPNS_4NodeIiEE
FN:172,_ZN3s216RBTreeIiNS_3setIiE11CompareLessEE9LeanRightEPNS_4NodeIiEE
FNDA:9,_ZN3s216RBTreeIiNS_3setIiE11CompareLessEE9LeanRightEPNS_4NodeIiEE
FN:181,_ZN3s216RBTreeIiNS_3setIiE11CompareLessEE10RotateLeftEPNS_4NodeIiEE
FNDA:316,_ZN3s216RBTreeIiNS_3setIiE11CompareLessEE10RotateLeftEPNS_4NodeIiEE
FN:181,_ZN3s216RBTreeIcNS_3setIcE11CompareLessEE10RotateLeftEPNS_4NodeIcEE
FNDA:6,_ZN3s216RBTreeIcNS_3setIcE11CompareLessEE10RotateLeftEPNS_4NodeIcEE
FN:196,_ZN3s216RBTreeIiNS_3setIiE11CompareLessEE11RotateRightEPNS_4NodeIiEE
FNDA:165,_ZN3s216RBTreeIiNS_3setIiE11CompareLessEE11RotateRightEPNS_4NodeIiEE
FN:196,_ZN3s216RBTreeIcNS_3setIcE11CompareLessEE11RotateRightEPNS_4NodeIcEE
FNDA:2,_ZN3s216RBTreeIcNS_3setIcE11CompareLessEE11RotateRightEPNS_4NodeIcEE
FN:210,_ZN3s216RBTreeIiNS_3setIiE11CompareLessEE16RessetingParentsEPNS_4NodeIiEE
FNDA:28,_ZN3s216RBTreeIiNS_3setIiE11CompareLessEE16RessetingParentsEPNS_4NodeIiEE
FN:218,_ZN3s216RBTreeIcNS_3setIcE11CompareLessEE9ColorFlipEPNS_4NodeIcEE
FNDA:2,_ZN3s216RBTreeIcNS_3setIcE11CompareLessEE9ColorFlipEPNS_4NodeIcEE
FN:218,_ZN3s216RBTreeIiNS_3setIiE11CompareLessEE9ColorFlipEPNS_4NodeIiEE
FNDA:226,_ZN3s216RBTreeIiNS_3setIiE11CompareLessEE9ColorFlipEPNS_4NodeIiEE
FN:226,_ZN3s216RBTreeIcNS_3setIcE11CompareLessEE5IsRedEPNS_4NodeIcEE
FNDA:71,_ZN3s216RBTreeIcNS_3setIcE11CompareLessEE5IsRedEPNS_4NodeIcEE
FN:226,_ZN3s216RBTreeIiNS_3setIiE11CompareLessEE5IsRedEPNS_4NodeIiEE
FNDA:4253,_ZN3s216RBTreeIiNS_3setIiE11CompareLessEE5IsRedEPNS_4NodeIiEE
FN:232,_ZN3s216RBTreeIiNS_3setIiE11CompareLessEE18SwapAndDeletenodesEPNS_4NodeIiEE
FNDA:9,_ZN3s216RBTreeIiNS_3setIiE11CompareLessEE18SwapAndDeletenodesEPNS_4NodeIiEE
FN:257,_ZN3s216RBTreeIcNS_3setIcE11CompareLessEE9TreeBeginEv
FNDA:1,_ZN3s216RBTreeIcNS_3setIcE11CompareLessEE9TreeBeginEv
FN:257,_ZN3s216RBTreeIiNS_3setIiE11CompareLessEE9TreeBeginEv
FNDA:38,_ZN3s216RBTreeIiNS_3setIiE11CompareLessEE9TreeBeginEv
FN:264,_ZNK3s216RBTreeIcNS_3setIcE11CompareLessEE5root_Ev
FNDA:78,_ZNK3s216RBTreeIcNS_3setIcE11CompareLessEE5root_Ev
FN:264,_ZNK3s216RBTreeIiNS_3setIiE11CompareLessEE5root_Ev
FNDA:3294,_ZNK3s216RBTreeIiNS_3setIiE11CompareLessEE5root_Ev
FN:270,_ZN3s216RBTreeIiNS_3setIiE11CompareLessEE7TreeEndEv
FNDA:55,_ZN3s216RBTreeIiNS_3setIiE11CompareLessEE7TreeEndEv
FN:276,_ZNK3s216RBTreeIiNS_3setIiE11CompareLessEE12TreeConstEndEv
FNDA:5,_ZNK3s216RBTreeIiNS_3setIiE11CompareLessEE12TreeConstEndEv
FN:276,_ZNK3s216RBTreeIcNS_3setIcE11CompareLessEE12TreeConstEndEv
FNDA:5,_ZNK3s216RBTreeIcNS_3setIcE11CompareLessEE12TreeConstEndEv
FN:282,_ZNK3s216RBTreeIcNS_3setIcE11CompareLessEE14TreeConstBeginEv
FNDA:1,_ZNK3s216RBTreeIcNS_3setIcE11CompareLessEE14TreeConstBeginEv
FN:282,_ZNK3s216RBTreeIiNS_3setIiE11CompareLessEE14TreeConstBeginEv
FNDA:2,_ZNK3s216RBTreeIiNS_3setIiE11CompareLessEE14TreeConstBeginEv
FN:288,_ZNK3s216RBTreeIcNS_3setIcE11CompareLessEE9TreeEmptyEv
FNDA:1,_ZNK3s216RBTreeIcNS_3setIcE11CompareLessEE9TreeEmptyEv
FN:288,_ZNK3s216RBTreeIiNS_3setIiE11CompareLessEE9TreeEmptyEv
FNDA:15,_ZNK3s216RBTreeIiNS_3setIiE11CompareLessEE9TreeEmptyEv
FN:294,_ZNK3s216RBTreeIcNS_3setIcE11CompareLessEE8TreeSizeEv
FNDA:1,_ZNK3s216RBTreeIcNS_3setIcE11CompareLessEE8TreeSizeEv
FN:294,_ZNK3s216RBTreeIiNS_3setIiE11CompareLessEE8TreeSizeEv
FNDA:27,_ZNK3s216RBTreeIiNS_3setIiE11CompareLessEE8TreeSizeEv
FN:300,_ZN3s216RBTreeIiNS_3setIiE11CompareLessEE11TreeMaxSizeEv
FNDA:2,_ZN3s216RBTreeIiNS_3setIiE11CompareLessEE11TreeMaxSizeEv
FN:305,_ZN3s216RBTreeIcNS_3setIcE11CompareLessEE9TreeClearEv
FNDA:5,_ZN3s216RBTreeIcNS_3setIcE11CompareLessEE9TreeClearEv
FN:305,_ZN3s216RBTreeIiNS_3setIiE11CompareLessEE9TreeClearEv
FNDA:76,_ZN3s216RBTreeIiNS_3setIiE11CompareLessEE9TreeClearEv
FN:312,_ZN3s216RBTreeIcNS_3setIcE11CompareLessEE9TreeClearEPNS_4NodeIcEE
FNDA:34,_ZN3s216RBTreeIcNS_3setIcE11CompareLessEE9TreeClearEPNS_4NodeIcEE
FN:312,_ZN3s216RBTreeIiNS_3setIiE11CompareLessEE9TreeClearEPNS_4NodeIiEE
FNDA:817,_ZN3s216RBTreeIiNS_3setIiE11CompareLessEE9TreeClearEPNS_4NodeIiEE
FN:321,_ZN3s216RBTreeIiNS_3setIiE11CompareLessEE8TreeSwapERS4_
FNDA:5,_ZN3s216RBTreeIiNS_3setIiE11CompareLessEE8TreeSwapERS4_
FN:328,_ZN3s216RBTreeIiNS_3setIiE11CompareLessEE13TreeMergeUniqERS4_
FNDA:2,_ZN3s216RBTreeIiNS_3setIiE11CompareLessEE13TreeMergeUniqERS4_
FN:381,_ZNK3s216RBTreeIiNS_3setIiE11CompareLessEE15TreeConstSearchERKi
FNDA:2,_ZNK3s216RBTreeIiNS_3setIiE11CompareLessEE15TreeConstSearchERKi
FN:398,_ZN3s216RBTreeIiNS_3setIiE11CompareLessEE10TreeSearchERKi
FNDA:17,_ZN3s216RBTreeIiNS_3setIiE11CompareLessEE10TreeSearchERKi
FN:414,_ZN3s216RBTreeIiNS_3setIiE11CompareLessEE10EqualNodesEPNS_4NodeIiEES7_
FNDA:134,_ZN3s216RBTreeIiNS_3setIiE11CompareLessEE10EqualNodesEPNS_4NodeIiEES7_
FN:436,_ZN3s216RBTreeIiNS_3setIiE11CompareLessEE9DeleteMinEPNS_4NodeIiEE
FNDA:15,_ZN3s216RBTreeIiNS_3setIiE11CompareLessEE9DeleteMinEPNS_4NodeIiEE
FN:449,_ZNK3s216RBTreeIiNS_3setIiE11CompareLessEE7MostMinEPNS_4NodeIiEE
FNDA:176,_ZNK3s216RBTreeIiNS_3setIiE11CompareLessEE7MostMinEPNS_4NodeIiEE
FN:449,_ZNK3s216RBTreeIcNS_3setIcE11CompareLessEE7MostMinEPNS_4NodeIcEE
FNDA:8,_ZNK3s216RBTreeIcNS_3setIcE11CompareLessEE7MostMinEPNS_4NodeIcEE
FN:455,_ZN3s216RBTreeIcNS_3setIcE11CompareLessEE5equalEcc
FNDA:9,_ZN3s216RBTreeIcNS_3setIcE11CompareLessEE5equalEcc
FN:455,_ZN3s216RBTreeIiNS_3setIiE11CompareLessEE5equalEii
FNDA:605,_ZN3s216RBTreeIiNS_3setIiE11CompareLessEE5equalEii
DA:5,1
DA:6,1
DA:8,1
DA:9,0
DA:10,0
DA:12,1
DA:14,1
DA:5,20
DA:6,20
DA:8,20
DA:9,0
DA:10,0
DA:12,20
DA:14,20
DA:18,4
DA:19,4
DA:21,4
DA:22,4
DA:23,4
DA:24,4
DA:25,4
DA:26,4
DA:18,146
DA:19,146
DA:21,146
DA:22,146
DA:23,146
DA:24,146
DA:25,146
DA:26,146
DA:30,1
DA:31,1
DA:32,1
DA:33,1
DA:34,1
DA:37,1
DA:39,1
DA:40,1
DA:41,1
DA:45,4
DA:46,4
DA:47,4
DA:48,4
DA:50,4
DA:45,71
DA:46,71
DA:47,71
DA:48,71
DA:50,71
DA:54,10
DA:55,10
DA:56,10
DA:57,10
DA:59,10
DA:60,0
DA:61,0
DA:63,10
DA:64,20
DA:65,10
DA:54,254
DA:55,254
DA:56,254
DA:57,254
DA:59,254
DA:60,0
DA:61,0
DA:63,254
DA:64,508
DA:65,254
DA:69,19
DA:72,19
DA:73,10
DA:74,10
DA:75,10
DA:76,10
DA:78,9
DA:79,9
DA:80,9
DA:81,0
DA:83,9
DA:84,2
DA:86,7
DA:90,19
DA:69,815
DA:72,815
DA:73,251
DA:74,251
DA:75,251
DA:76,251
DA:78,564
DA:79,564
DA:80,564
DA:81,3
DA:83,561
DA:84,66
DA:86,495
DA:90,815
DA:94,19
DA:96,19
DA:97,19
DA:98,2
DA:99,19
DA:100,19
DA:101,19
DA:94,959
DA:96,959
DA:97,959
DA:98,146
DA:99,959
DA:100,959
DA:101,959
DA:106,38
DA:107,38
DA:108,37
DA:109,37
DA:110,37
DA:111,37
DA:112,37
DA:113,0
DA:117,166
DA:118,166
DA:119,166
DA:120,166
DA:121,88
DA:122,37
DA:123,88
DA:125,78
DA:126,78
DA:127,27
DA:128,78
DA:129,37
DA:130,9
DA:132,28
DA:133,28
DA:134,28
DA:135,28
DA:138,41
DA:139,0
DA:141,41
DA:144,138
DA:149,43
DA:150,43
DA:151,43
DA:152,2
DA:153,2
DA:154,2
DA:156,43
DA:161,27
DA:162,27
DA:163,27
DA:164,8
DA:165,8
DA:167,27
DA:172,9
DA:173,9
DA:174,9
DA:175,9
DA:176,9
DA:181,6
DA:182,6
DA:183,6
DA:184,6
DA:185,6
DA:186,6
DA:187,6
DA:188,6
DA:189,6
DA:190,6
DA:191,6
DA:181,316
DA:182,316
DA:183,316
DA:184,316
DA:185,316
DA:186,316
DA:187,316
DA:188,316
DA:189,316
DA:190,316
DA:191,316
DA:196,2
DA:197,2
DA:198,2
DA:199,2
DA:200,2
DA:201,2
DA:202,2
DA:203,2
DA:204,2
DA:205,2
DA:206,2
DA:196,165
DA:197,165
DA:198,165
DA:199,165
DA:200,165
DA:201,165
DA:202,165
DA:203,165
DA:204,165
DA:205,165
DA:206,165
DA:210,28
DA:211,28
DA:212,28
DA:213,28
DA:214,28
DA:218,2
DA:219,2
DA:220,2
DA:221,2
DA:222,2
DA:218,226
DA:219,226
DA:220,226
DA:221,226
DA:222,226
DA:226,71
DA:227,71
DA:226,4253
DA:227,4253
DA:232,9
DA:233,9
DA:234,9
DA:235,1
DA:237,8
DA:238,9
DA:239,4
DA:241,5
DA:242,9
DA:243,9
DA:244,9
DA:245,9
DA:246,9
DA:247,9
DA:248,9
DA:249,9
DA:250,9
DA:251,9
DA:252,9
DA:257,1
DA:258,1
DA:259,1
DA:257,38
DA:258,38
DA:259,38
DA:264,78
DA:265,78
DA:264,3294
DA:265,3294
DA:270,55
DA:271,55
DA:276,5
DA:277,5
DA:276,5
DA:277,5
DA:282,1
DA:283,1
DA:284,1
DA:282,2
DA:283,2
DA:284,2
DA:288,1
DA:289,1
DA:288,15
DA:289,15
DA:294,1
DA:295,1
DA:294,27
DA:295,27
DA:300,2
DA:301,2
DA:305,5
DA:306,5
DA:307,5
DA:308,5
DA:309,5
DA:305,76
DA:306,76
DA:307,76
DA:308,76
DA:309,76
DA:312,34
DA:313,34
DA:314,14
DA:315,14
DA:316,14
DA:318,34
DA:312,817
DA:313,817
DA:314,360
DA:315,360
DA:316,360
DA:318,817
DA:321,5
DA:322,5
DA:323,5
DA:324,5
DA:325,5
DA:328,2
DA:329,2
DA:330,2
DA:331,10
DA:332,8
DA:333,8
DA:334,8
DA:336,0
DA:338,2
DA:381,2
DA:382,2
DA:383,6
DA:384,5
DA:385,5
DA:386,1
DA:387,4
DA:388,2
DA:390,2
DA:393,1
DA:398,17
DA:399,17
DA:400,92
DA:401,91
DA:402,91
DA:403,16
DA:404,75
DA:405,49
DA:407,26
DA:410,1
DA:414,134
DA:416,134
DA:417,134
DA:418,120
DA:419,120
DA:420,28
DA:422,92
DA:424,120
DA:425,26
DA:427,94
DA:429,120
DA:431,134
DA:436,15
DA:437,15
DA:438,9
DA:439,9
DA:441,6
DA:442,6
DA:443,6
DA:444,6
DA:449,8
DA:450,8
DA:451,6
DA:449,176
DA:450,176
DA:451,127
DA:455,9
DA:456,9
DA:455,605
DA:456,605
end_of_record
SF:/home/corrie/edu/-containers-/src/set/s21_set.tcc
FN:5,_ZN3s213setIiEC2ERKSt16initializer_listIiE
FNDA:36,_ZN3s213setIiEC2ERKSt16initializer_listIiE
FN:5,_ZN3s213setIcEC2ERKSt16initializer_listIcE
FNDA:2,_ZN3s213setIcEC2ERKSt16initializer_listIcE
FN:12,_ZN3s213setIiEaSEOS1_
FNDA:1,_ZN3s213setIiEaSEOS1_
FN:20,_ZN3s213setIcEaSERKS1_
FNDA:1,_ZN3s213setIcEaSERKS1_
FN:30,_ZN3s213setIiE3endEv
FNDA:6,_ZN3s213setIiE3endEv
FN:35,_ZNK3s213setIcE3endEv
FNDA:5,_ZNK3s213setIcE3endEv
FN:35,_ZNK3s213setIiE3endEv
FNDA:4,_ZNK3s213setIiE3endEv
FN:40,_ZN3s213setIcE5beginEv
FNDA:1,_ZN3s213setIcE5beginEv
FN:40,_ZN3s213setIiE5beginEv
FNDA:34,_ZN3s213setIiE5beginEv
FN:45,_ZNK3s213setIiE5beginEv
FNDA:2,_ZNK3s213setIiE5beginEv
FN:45,_ZNK3s213setIcE5beginEv
FNDA:1,_ZNK3s213setIcE5beginEv
FN:50,_ZN3s213setIiE6insertERKi
FNDA:246,_ZN3s213setIiE6insertERKi
FN:50,_ZN3s213setIcE6insertERKc
FNDA:6,_ZN3s213setIcE6insertERKc
FN:57,_ZNK3s213setIiE5emptyEv
FNDA:15,_ZNK3s213setIiE5emptyEv
FN:57,_ZNK3s213setIcE5emptyEv
FNDA:1,_ZNK3s213setIcE5emptyEv
FN:62,_ZN3s213setIcE5clearEv
FNDA:1,_ZN3s213setIcE5clearEv
FN:62,_ZN3s213setIiE5clearEv
FNDA:4,_ZN3s213setIiE5clearEv
FN:67,_ZNK3s213setIcE4sizeEv
FNDA:1,_ZNK3s213setIcE4sizeEv
FN:67,_ZNK3s213setIiE4sizeEv
FNDA:27,_ZNK3s213setIiE4sizeEv
FN:72,_ZNK3s213setIiE8max_sizeEv
FNDA:2,_ZNK3s213setIiE8max_sizeEv
FN:77,_ZN3s213setIiE5eraseENS_8IteratorIiEE
FNDA:30,_ZN3s213setIiE5eraseENS_8IteratorIiEE
FN:86,_ZN3s213setIiE4swapERS1_
FNDA:3,_ZN3s213setIiE4swapERS1_
FN:91,_ZN3s213setIiE5mergeERS1_
FNDA:2,_ZN3s213setIiE5mergeERS1_
FN:96,_ZNK3s213setIiE8containsERKi
FNDA:2,_ZNK3s213setIiE8containsERKi
FN:103,_ZN3s213setIiE4findERKi
FNDA:17,_ZN3s213setIiE4findERKi
DA:5,2
DA:6,8
DA:7,6
DA:9,2
DA:5,36
DA:6,195
DA:7,159
DA:9,36
DA:12,1
DA:13,1
DA:14,1
DA:16,1
DA:20,1
DA:21,1
DA:22,1
DA:23,5
DA:24,4
DA:26,1
DA:30,6
DA:31,6
DA:35,5
DA:36,5
DA:35,4
DA:36,4
DA:40,1
DA:41,1
DA:40,34
DA:41,34
DA:45,1
DA:46,1
DA:45,2
DA:46,2
DA:50,6
DA:52,6
DA:53,6
DA:50,246
DA:52,246
DA:53,246
DA:57,1
DA:58,1
DA:57,15
DA:58,15
DA:62,1
DA:63,1
DA:64,1
DA:62,4
DA:63,4
DA:64,4
DA:67,1
DA:68,1
DA:67,27
DA:68,27
DA:72,2
DA:73,2
DA:77,30
DA:79,31
DA:80,2
DA:81,1
DA:83,29
DA:86,3
DA:87,3
DA:88,3
DA:91,2
DA:92,2
DA:93,2
DA:96,2
DA:97,2
DA:98,2
DA:99,1
DA:103,17
DA:104,17
end_of_record
SF:/home/corrie/edu/-containers-/src/unit_tests/set.cc
FN:4,_Z11compare_setIiEbN3s213setIT_EESt3setIS2_St4lessIS2_ESaIS2_EE
FNDA:19,_Z11compare_setIiEbN3s213setIT_EESt3setIS2_St4lessIS2_ESaIS2_EE
FN:4,_Z11compare_setIcEbN3s213setIT_EESt3setIS2_St4lessIS2_ESaIS2_EE
FNDA:1,_Z11compare_setIcEbN3s213setIT_EESt3setIS2_St4lessIS2_ESaIS2_EE
FN:13,_ZN30set_default_constructor_1_TestC2Ev
FNDA:1,_ZN30set_default_constructor_1_TestC2Ev
FN:13,_ZN30set_default_constructor_1_Test8TestBodyEv
FNDA:1,_ZN30set_default_constructor_1_Test8TestBodyEv
FN:13,_ZN30set_default_constructor_1_TestD2Ev
FNDA:1,_ZN30set_default_constructor_1_TestD2Ev
FN:13,_ZN30set_default_constructor_1_TestD0Ev
FNDA:1,_ZN30set_default_constructor_1_TestD0Ev
FN:19,_ZN30set_default_constructor_2_TestC2Ev
FNDA:1,_ZN30set_default_constructor_2_TestC2Ev
FN:19,_ZN30set_default_constructor_2_Test8TestBodyEv
FNDA:1,_ZN30set_default_constructor_2_Test8TestBodyEv
FN:19,_ZN30set_default_constructor_2_TestD2Ev
FNDA:1,_ZN30set_default_constructor_2_TestD2Ev
FN:19,_ZN30set_default_constructor_2_TestD0Ev
FNDA:1,_ZN30set_default_constructor_2_TestD0Ev
FN:25,_ZN20set_constructor_TestD0Ev
FNDA:1,_ZN20set_constructor_TestD0Ev
FN:25,_ZN20set_constructor_TestC2Ev
FNDA:1,_ZN20set_constructor_TestC2Ev
FN:25,_ZN20set_constructor_Test8TestBodyEv
FNDA:1,_ZN20set_constructor_Test8TestBodyEv
FN:25,_ZN20set_constructor_TestD2Ev
FNDA:1,_ZN20set_constructor_TestD2Ev
FN:32,_ZN15set_insert_TestC2Ev
FNDA:1,_ZN15set_insert_TestC2Ev
FN:32,_ZN15set_insert_Test8TestBodyEv
FNDA:1,_ZN15set_insert_Test8TestBodyEv
FN:32,_ZN15set_insert_TestD2Ev
FNDA:1,_ZN15set_insert_TestD2Ev
FN:32,_ZN15set_insert_TestD0Ev
FNDA:1,_ZN15set_insert_TestD0Ev
FN:41,_ZN25set_copy_constructor_Test8TestBodyEv
FNDA:1,_ZN25set_copy_constructor_Test8TestBodyEv
FN:41,_ZN25set_copy_constructor_TestD2Ev
FNDA:1,_ZN25set_copy_constructor_TestD2Ev
FN:41,_ZN25set_copy_constructor_TestD0Ev
FNDA:1,_ZN25set_copy_constructor_TestD0Ev
FN:41,_ZN25set_copy_constructor_TestC2Ev
FNDA:1,_ZN25set_copy_constructor_TestC2Ev
FN:50,_ZN27set_move_constructor_1_TestD0Ev
FNDA:1,_ZN27set_move_constructor_1_TestD0Ev
FN:50,_ZN27set_move_constructor_1_TestD2Ev
FNDA:1,_ZN27set_move_constructor_1_TestD2Ev
FN:50,_ZN27set_move_constructor_1_TestC2Ev
FNDA:1,_ZN27set_move_constructor_1_TestC2Ev
FN:50,_ZN27set_move_constructor_1_Test8TestBodyEv
FNDA:1,_ZN27set_move_constructor_1_Test8TestBodyEv
FN:59,_ZN22set_operator_copy_TestC2Ev
FNDA:1,_ZN22set_operator_copy_TestC2Ev
FN:59,_ZN22set_operator_copy_Test8TestBodyEv
FNDA:1,_ZN22set_operator_copy_Test8TestBodyEv
FN:59,_ZN22set_operator_copy_TestD2Ev
FNDA:1,_ZN22set_operator_copy_TestD2Ev
FN:59,_ZN22set_operator_copy_TestD0Ev
FNDA:1,_ZN22set_operator_copy_TestD0Ev
FN:75,_ZN22set_operator_move_TestC2Ev
FNDA:1,_ZN22set_operator_move_TestC2Ev
FN:75,_ZN22set_operator_move_Test8TestBodyEv
FNDA:1,_ZN22set_operator_move_Test8TestBodyEv
FN:75,_ZN22set_operator_move_TestD2Ev
FNDA:1,_ZN22set_operator_move_TestD2Ev
FN:75,_ZN22set_operator_move_TestD0Ev
FNDA:1,_ZN22set_operator_move_TestD0Ev
FN:86,_ZN21set_func_begin_1_TestC2Ev
FNDA:1,_ZN21set_func_begin_1_TestC2Ev
FN:86,_ZN21set_func_begin_1_Test8TestBodyEv
FNDA:1,_ZN21set_func_begin_1_Test8TestBodyEv
FN:86,_ZN21set_func_begin_1_TestD2Ev
FNDA:1,_ZN21set_func_begin_1_TestD2Ev
FN:86,_ZN21set_func_begin_1_TestD0Ev
FNDA:1,_ZN21set_func_begin_1_TestD0Ev
FN:94,_ZN21set_func_begin_2_TestC2Ev
FNDA:1,_ZN21set_func_begin_2_TestC2Ev
FN:94,_ZN21set_func_begin_2_TestD2Ev
FNDA:1,_ZN21set_func_begin_2_TestD2Ev
FN:94,_ZN21set_func_begin_2_TestD0Ev
FNDA:1,_ZN21set_func_begin_2_TestD0Ev
FN:94,_ZN21set_func_begin_2_Test8TestBodyEv
FNDA:1,_ZN21set_func_begin_2_Test8TestBodyEv
FN:104,_ZN19set_func_end_1_TestD0Ev
FNDA:1,_ZN19set_func_end_1_TestD0Ev
FN:104,_ZN19set_func_end_1_TestD2Ev
FNDA:1,_ZN19set_func_end_1_TestD2Ev
FN:104,_ZN19set_func_end_1_Test8TestBodyEv
FNDA:1,_ZN19set_func_end_1_Test8TestBodyEv
FN:104,_ZN19set_func_end_1_TestC2Ev
FNDA:1,_ZN19set_func_end_1_TestC2Ev
FN:113,_ZN19set_func_end_2_TestC2Ev
FNDA:1,_ZN19set_func_end_2_TestC2Ev
FN:113,_ZN19set_func_end_2_TestD0Ev
FNDA:1,_ZN19set_func_end_2_TestD0Ev
FN:113,_ZN19set_func_end_2_TestD2Ev
FNDA:1,_ZN19set_func_end_2_TestD2Ev
FN:113,_ZN19set_func_end_2_Test8TestBodyEv
FNDA:1,_ZN19set_func_end_2_Test8TestBodyEv
FN:122,_ZN19set_func_end_3_TestC2Ev
FNDA:1,_ZN19set_func_end_3_TestC2Ev
FN:122,_ZN19set_func_end_3_TestD2Ev
FNDA:1,_ZN19set_func_end_3_TestD2Ev
FN:122,_ZN19set_func_end_3_TestD0Ev
FNDA:1,_ZN19set_func_end_3_TestD0Ev
FN:122,_ZN19set_func_end_3_Test8TestBodyEv
FNDA:1,_ZN19set_func_end_3_Test8TestBodyEv
FN:131,_ZN19set_func_end_4_TestD2Ev
FNDA:1,_ZN19set_func_end_4_TestD2Ev
FN:131,_ZN19set_func_end_4_TestD0Ev
FNDA:1,_ZN19set_func_end_4_TestD0Ev
FN:131,_ZN19set_func_end_4_Test8TestBodyEv
FNDA:1,_ZN19set_func_end_4_Test8TestBodyEv
FN:131,_ZN19set_func_end_4_TestC2Ev
FNDA:1,_ZN19set_func_end_4_TestC2Ev
FN:140,_ZN20set_func_cend_1_Test8TestBodyEv
FNDA:1,_ZN20set_func_cend_1_Test8TestBodyEv
FN:140,_ZN20set_func_cend_1_TestD2Ev
FNDA:1,_ZN20set_func_cend_1_TestD2Ev
FN:140,_ZN20set_func_cend_1_TestD0Ev
FNDA:1,_ZN20set_func_cend_1_TestD0Ev
FN:140,_ZN20set_func_cend_1_TestC2Ev
FNDA:1,_ZN20set_func_cend_1_TestC2Ev
FN:149,_ZN20set_func_cend_2_Test8TestBodyEv
FNDA:1,_ZN20set_func_cend_2_Test8TestBodyEv
FN:149,_ZN20set_func_cend_2_TestD2Ev
FNDA:1,_ZN20set_func_cend_2_TestD2Ev
FN:149,_ZN20set_func_cend_2_TestD0Ev
FNDA:1,_ZN20set_func_cend_2_TestD0Ev
FN:149,_ZN20set_func_cend_2_TestC2Ev
FNDA:1,_ZN20set_func_cend_2_TestC2Ev
FN:157,_ZN22set_func_cbegin_1_TestC2Ev
FNDA:1,_ZN22set_func_cbegin_1_TestC2Ev
FN:157,_ZN22set_func_cbegin_1_Test8TestBodyEv
FNDA:1,_ZN22set_func_cbegin_1_Test8TestBodyEv
FN:157,_ZN22set_func_cbegin_1_TestD2Ev
FNDA:1,_ZN22set_func_cbegin_1_TestD2Ev
FN:157,_ZN22set_func_cbegin_1_TestD0Ev
FNDA:1,_ZN22set_func_cbegin_1_TestD0Ev
FN:165,_ZN22set_func_cbegin_2_Test8TestBodyEv
FNDA:1,_ZN22set_func_cbegin_2_Test8TestBodyEv
FN:165,_ZN22set_func_cbegin_2_TestD2Ev
FNDA:1,_ZN22set_func_cbegin_2_TestD2Ev
FN:165,_ZN22set_func_cbegin_2_TestD0Ev
FNDA:1,_ZN22set_func_cbegin_2_TestD0Ev
FN:165,_ZN22set_func_cbegin_2_TestC2Ev
FNDA:1,_ZN22set_func_cbegin_2_TestC2Ev
FN:174,_ZN21set_func_empty_1_TestC2Ev
FNDA:1,_ZN21set_func_empty_1_TestC2Ev
FN:174,_ZN21set_func_empty_1_Test8TestBodyEv
FNDA:1,_ZN21set_func_empty_1_Test8TestBodyEv
FN:174,_ZN21set_func_empty_1_TestD0Ev
FNDA:1,_ZN21set_func_empty_1_TestD0Ev
FN:174,_ZN21set_func_empty_1_TestD2Ev
FNDA:1,_ZN21set_func_empty_1_TestD2Ev
FN:179,_ZN21set_func_empty_2_TestC2Ev
FNDA:1,_ZN21set_func_empty_2_TestC2Ev
FN:179,_ZN21set_func_empty_2_TestD0Ev
FNDA:1,_ZN21set_func_empty_2_TestD0Ev
FN:179,_ZN21set_func_empty_2_TestD2Ev
FNDA:1,_ZN21set_func_empty_2_TestD2Ev
FN:179,_ZN21set_func_empty_2_Test8TestBodyEv
FNDA:1,_ZN21set_func_empty_2_Test8TestBodyEv
FN:184,_ZN21set_func_empty_3_Test8TestBodyEv
FNDA:1,_ZN21set_func_empty_3_Test8TestBodyEv
FN:184,_ZN21set_func_empty_3_TestC2Ev
FNDA:1,_ZN21set_func_empty_3_TestC2Ev
FN:184,_ZN21set_func_empty_3_TestD0Ev
FNDA:1,_ZN21set_func_empty_3_TestD0Ev
FN:184,_ZN21set_func_empty_3_TestD2Ev
FNDA:1,_ZN21set_func_empty_3_TestD2Ev
FN:190,_ZN20set_func_size_1_Test8TestBodyEv
FNDA:1,_ZN20set_func_size_1_Test8TestBodyEv
FN:190,_ZN20set_func_size_1_TestC2Ev
FNDA:1,_ZN20set_func_size_1_TestC2Ev
FN:190,_ZN20set_func_size_1_TestD2Ev
FNDA:1,_ZN20set_func_size_1_TestD2Ev
FN:190,_ZN20set_func_size_1_TestD0Ev
FNDA:1,_ZN20set_func_size_1_TestD0Ev
FN:196,_ZN20set_func_size_2_TestD0Ev
FNDA:1,_ZN20set_func_size_2_TestD0Ev
FN:196,_ZN20set_func_size_2_Test8TestBodyEv
FNDA:1,_ZN20set_func_size_2_Test8TestBodyEv
FN:196,_ZN20set_func_size_2_TestC2Ev
FNDA:1,_ZN20set_func_size_2_TestC2Ev
FN:196,_ZN20set_func_size_2_TestD2Ev
FNDA:1,_ZN20set_func_size_2_TestD2Ev
FN:202,_ZN21set_func_clear_0_TestD2Ev
FNDA:1,_ZN21set_func_clear_0_TestD2Ev
FN:202,_ZN21set_func_clear_0_Test8TestBodyEv
FNDA:1,_ZN21set_func_clear_0_Test8TestBodyEv
FN:202,_ZN21set_func_clear_0_TestC2Ev
FNDA:1,_ZN21set_func_clear_0_TestC2Ev
FN:202,_ZN21set_func_clear_0_TestD0Ev
FNDA:1,_ZN21set_func_clear_0_TestD0Ev
FN:210,_ZN22set_func_insert_1_TestD0Ev
FNDA:1,_ZN22set_func_insert_1_TestD0Ev
FN:210,_ZN22set_func_insert_1_TestD2Ev
FNDA:1,_ZN22set_func_insert_1_TestD2Ev
FN:210,_ZN22set_func_insert_1_TestC2Ev
FNDA:1,_ZN22set_func_insert_1_TestC2Ev
FN:210,_ZN22set_func_insert_1_Test8TestBodyEv
FNDA:1,_ZN22set_func_insert_1_Test8TestBodyEv
FN:218,_ZN22set_func_insert_2_TestD0Ev
FNDA:1,_ZN22set_func_insert_2_TestD0Ev
FN:218,_ZN22set_func_insert_2_TestD2Ev
FNDA:1,_ZN22set_func_insert_2_TestD2Ev
FN:218,_ZN22set_func_insert_2_TestC2Ev
FNDA:1,_ZN22set_func_insert_2_TestC2Ev
FN:218,_ZN22set_func_insert_2_Test8TestBodyEv
FNDA:1,_ZN22set_func_insert_2_Test8TestBodyEv
FN:226,_ZN22set_func_insert_3_Test8TestBodyEv
FNDA:1,_ZN22set_func_insert_3_Test8TestBodyEv
FN:226,_ZN22set_func_insert_3_TestD0Ev
FNDA:1,_ZN22set_func_insert_3_TestD0Ev
FN:226,_ZN22set_func_insert_3_TestC2Ev
FNDA:1,_ZN22set_func_insert_3_TestC2Ev
FN:226,_ZN22set_func_insert_3_TestD2Ev
FNDA:1,_ZN22set_func_insert_3_TestD2Ev
FN:234,_ZN22set_func_insert_4_Test8TestBodyEv
FNDA:1,_ZN22set_func_insert_4_Test8TestBodyEv
FN:234,_ZN22set_func_insert_4_TestC2Ev
FNDA:1,_ZN22set_func_insert_4_TestC2Ev
FN:234,_ZN22set_func_insert_4_TestD0Ev
FNDA:1,_ZN22set_func_insert_4_TestD0Ev
FN:234,_ZN22set_func_insert_4_TestD2Ev
FNDA:1,_ZN22set_func_insert_4_TestD2Ev
FN:241,_ZN21set_func_insrt_5_TestC2Ev
FNDA:1,_ZN21set_func_insrt_5_TestC2Ev
FN:241,_ZN21set_func_insrt_5_Test8TestBodyEv
FNDA:1,_ZN21set_func_insrt_5_Test8TestBodyEv
FN:241,_ZN21set_func_insrt_5_TestD2Ev
FNDA:1,_ZN21set_func_insrt_5_TestD2Ev
FN:241,_ZN21set_func_insrt_5_TestD0Ev
FNDA:1,_ZN21set_func_insrt_5_TestD0Ev
FN:249,_ZN22set_func_insert_6_TestC2Ev
FNDA:1,_ZN22set_func_insert_6_TestC2Ev
FN:249,_ZN22set_func_insert_6_Test8TestBodyEv
FNDA:1,_ZN22set_func_insert_6_Test8TestBodyEv
FN:249,_ZN22set_func_insert_6_TestD2Ev
FNDA:1,_ZN22set_func_insert_6_TestD2Ev
FN:249,_ZN22set_func_insert_6_TestD0Ev
FNDA:1,_ZN22set_func_insert_6_TestD0Ev
FN:256,_ZN21set_func_clear_1_TestD0Ev
FNDA:1,_ZN21set_func_clear_1_TestD0Ev
FN:256,_ZN21set_func_clear_1_TestD2Ev
FNDA:1,_ZN21set_func_clear_1_TestD2Ev
FN:256,_ZN21set_func_clear_1_Test8TestBodyEv
FNDA:1,_ZN21set_func_clear_1_Test8TestBodyEv
FN:256,_ZN21set_func_clear_1_TestC2Ev
FNDA:1,_ZN21set_func_clear_1_TestC2Ev
FN:265,_ZN21set_func_clear_2_TestC2Ev
FNDA:1,_ZN21set_func_clear_2_TestC2Ev
FN:265,_ZN21set_func_clear_2_TestD0Ev
FNDA:1,_ZN21set_func_clear_2_TestD0Ev
FN:265,_ZN21set_func_clear_2_Test8TestBodyEv
FNDA:1,_ZN21set_func_clear_2_Test8TestBodyEv
FN:265,_ZN21set_func_clear_2_TestD2Ev
FNDA:1,_ZN21set_func_clear_2_TestD2Ev
FN:274,_ZN21set_func_erase_1_Test8TestBodyEv
FNDA:1,_ZN21set_func_erase_1_Test8TestBodyEv
FN:274,_ZN21set_func_erase_1_TestD0Ev
FNDA:1,_ZN21set_func_erase_1_TestD0Ev
FN:274,_ZN21set_func_erase_1_TestC2Ev
FNDA:1,_ZN21set_func_erase_1_TestC2Ev
FN:274,_ZN21set_func_erase_1_TestD2Ev
FNDA:1,_ZN21set_func_erase_1_TestD2Ev
FN:281,_ZN20set_func_swap_1_TestC2Ev
FNDA:1,_ZN20set_func_swap_1_TestC2Ev
FN:281,_ZN20set_func_swap_1_TestD2Ev
FNDA:1,_ZN20set_func_swap_1_TestD2Ev
FN:281,_ZN20set_func_swap_1_TestD0Ev
FNDA:1,_ZN20set_func_swap_1_TestD0Ev
FN:281,_ZN20set_func_swap_1_Test8TestBodyEv
FNDA:1,_ZN20set_func_swap_1_Test8TestBodyEv
FN:293,_ZN20set_func_swap_2_TestD2Ev
FNDA:1,_ZN20set_func_swap_2_TestD2Ev
FN:293,_ZN20set_func_swap_2_TestC2Ev
FNDA:1,_ZN20set_func_swap_2_TestC2Ev
FN:293,_ZN20set_func_swap_2_TestD0Ev
FNDA:1,_ZN20set_func_swap_2_TestD0Ev
FN:293,_ZN20set_func_swap_2_Test8TestBodyEv
FNDA:1,_ZN20set_func_swap_2_Test8TestBodyEv
FN:308,_ZN20set_func_swap_3_TestD2Ev
FNDA:1,_ZN20set_func_swap_3_TestD2Ev
FN:308,_ZN20set_func_swap_3_Test8TestBodyEv
FNDA:1,_ZN20set_func_swap_3_Test8TestBodyEv
FN:308,_ZN20set_func_swap_3_TestD0Ev
FNDA:1,_ZN20set_func_swap_3_TestD0Ev
FN:308,_ZN20set_func_swap_3_TestC2Ev
FNDA:1,_ZN20set_func_swap_3_TestC2Ev
FN:319,_ZN21set_func_merge_1_Test8TestBodyEv
FNDA:1,_ZN21set_func_merge_1_Test8TestBodyEv
FN:319,_ZN21set_func_merge_1_TestD2Ev
FNDA:1,_ZN21set_func_merge_1_TestD2Ev
FN:319,_ZN21set_func_merge_1_TestD0Ev
FNDA:1,_ZN21set_func_merge_1_TestD0Ev
FN:319,_ZN21set_func_merge_1_TestC2Ev
FNDA:1,_ZN21set_func_merge_1_TestC2Ev
FN:333,_ZN21set_func_merge_2_TestC2Ev
FNDA:1,_ZN21set_func_merge_2_TestC2Ev
FN:333,_ZN21set_func_merge_2_TestD0Ev
FNDA:1,_ZN21set_func_merge_2_TestD0Ev
FN:333,_ZN21set_func_merge_2_TestD2Ev
FNDA:1,_ZN21set_func_merge_2_TestD2Ev
FN:333,_ZN21set_func_merge_2_Test8TestBodyEv
FNDA:1,_ZN21set_func_merge_2_Test8TestBodyEv
FN:347,_ZN24set_func_contains_1_TestC2Ev
FNDA:1,_ZN24set_func_contains_1_TestC2Ev
FN:347,_ZN24set_func_contains_1_Test8TestBodyEv
FNDA:1,_ZN24set_func_contains_1_Test8TestBodyEv
FN:347,_ZN24set_func_contains_1_TestD0Ev
FNDA:1,_ZN24set_func_contains_1_TestD0Ev
FN:347,_ZN24set_func_contains_1_TestD2Ev
FNDA:1,_ZN24set_func_contains_1_TestD2Ev
FN:352,_ZN24set_func_contains_2_TestC2Ev
FNDA:1,_ZN24set_func_contains_2_TestC2Ev
FN:352,_ZN24set_func_contains_2_TestD2Ev
FNDA:1,_ZN24set_func_contains_2_TestD2Ev
FN:352,_ZN24set_func_contains_2_TestD0Ev
FNDA:1,_ZN24set_func_contains_2_TestD0Ev
FN:352,_ZN24set_func_contains_2_Test8TestBodyEv
FNDA:1,_ZN24set_func_contains_2_Test8TestBodyEv
FN:357,_ZN20set_func_find_1_TestD0Ev
FNDA:1,_ZN20set_func_find_1_TestD0Ev
FN:357,_ZN20set_func_find_1_TestD2Ev
FNDA:1,_ZN20set_func_find_1_TestD2Ev
FN:357,_ZN20set_func_find_1_TestC2Ev
FNDA:1,_ZN20set_func_find_1_TestC2Ev
FN:357,_ZN20set_func_find_1_Test8TestBodyEv
FNDA:1,_ZN20set_func_find_1_Test8TestBodyEv
FN:365,_ZN20set_func_find_2_TestD0Ev
FNDA:1,_ZN20set_func_find_2_TestD0Ev
FN:365,_ZN20set_func_find_2_TestD2Ev
FNDA:1,_ZN20set_func_find_2_TestD2Ev
FN:365,_ZN20set_func_find_2_TestC2Ev
FNDA:1,_ZN20set_func_find_2_TestC2Ev
FN:365,_ZN20set_func_find_2_Test8TestBodyEv
FNDA:1,_ZN20set_func_find_2_Test8TestBodyEv
FN:372,_ZN26set_max_size_function_TestD0Ev
FNDA:1,_ZN26set_max_size_function_TestD0Ev
FN:372,_ZN26set_max_size_function_TestD2Ev
FNDA:1,_ZN26set_max_size_function_TestD2Ev
FN:372,_ZN26set_max_size_function_TestC2Ev
FNDA:1,_ZN26set_max_size_function_TestC2Ev
FN:372,_ZN26set_max_size_function_Test8TestBodyEv
FNDA:1,_ZN26set_max_size_function_Test8TestBodyEv
FN:384,_ZN20set_big_erase_1_TestC2Ev
FNDA:1,_ZN20set_big_erase_1_TestC2Ev
FN:384,_ZN20set_big_erase_1_Test8TestBodyEv
FNDA:1,_ZN20set_big_erase_1_Test8TestBodyEv
FN:384,_ZN20set_big_erase_1_TestD2Ev
FNDA:1,_ZN20set_big_erase_1_TestD2Ev
FN:384,_ZN20set_big_erase_1_TestD0Ev
FNDA:1,_ZN20set_big_erase_1_TestD0Ev
FN:409,_ZN20set_big_erase_2_Test8TestBodyEv
FNDA:1,_ZN20set_big_erase_2_Test8TestBodyEv
FN:409,_ZN20set_big_erase_2_TestC2Ev
FNDA:1,_ZN20set_big_erase_2_TestC2Ev
FN:409,_ZN20set_big_erase_2_TestD2Ev
FNDA:1,_ZN20set_big_erase_2_TestD2Ev
FN:409,_ZN20set_big_erase_2_TestD0Ev
FNDA:1,_ZN20set_big_erase_2_TestD0Ev
DA:4,1
DA:5,1
DA:6,1
DA:7,5
DA:8,4
DA:10,2
DA:11,1
DA:4,19
DA:5,19
DA:6,19
DA:7,161
DA:8,142
DA:10,38
DA:11,19
DA:13,1
DA:13,1
DA:13,1
DA:13,1
DA:14,1
DA:15,1
DA:16,1
DA:17,1
DA:19,1
DA:19,1
DA:19,1
DA:19,1
DA:20,1
DA:21,1
DA:22,1
DA:23,1
DA:25,1
DA:25,1
DA:25,1
DA:25,1
DA:26,1
DA:27,1
DA:28,1
DA:29,1
DA:30,1
DA:32,1
DA:32,1
DA:32,1
DA:32,1
DA:33,1
DA:34,1
DA:35,1
DA:36,1
DA:37,1
DA:38,1
DA:39,1
DA:41,1
DA:41,1
DA:41,1
DA:41,1
DA:42,1
DA:43,1
DA:44,1
DA:45,1
DA:46,1
DA:47,1
DA:48,1
DA:50,1
DA:50,1
DA:50,1
DA:50,1
DA:51,1
DA:52,1
DA:53,1
DA:54,1
DA:55,1
DA:56,1
DA:57,1
DA:59,1
DA:59,1
DA:59,1
DA:59,1
DA:63,1
DA:64,1
DA:68,1
DA:69,1
DA:70,1
DA:71,1
DA:72,1
DA:73,1
DA:75,1
DA:75,1
DA:75,1
DA:75,1
DA:76,1
DA:77,1
DA:78,1
DA:79,1
DA:80,1
DA:81,1
DA:82,1
DA:83,1
DA:84,1
DA:86,1
DA:86,1
DA:86,1
DA:86,1
DA:87,1
DA:88,1
DA:89,1
DA:90,1
DA:91,1
DA:92,1
DA:94,1
DA:94,1
DA:94,1
DA:94,1
DA:95,1
DA:96,1
DA:97,1
DA:98,1
DA:99,1
DA:100,1
DA:101,1
DA:102,1
DA:103,1
DA:104,1
DA:104,1
DA:104,1
DA:104,1
DA:105,1
DA:106,1
DA:107,1
DA:108,1
DA:109,1
DA:110,1
DA:111,1
DA:113,1
DA:113,1
DA:113,1
DA:113,1
DA:114,1
DA:115,1
DA:116,1
DA:117,1
DA:118,1
DA:119,1
DA:120,1
DA:122,1
DA:122,1
DA:122,1
DA:122,1
DA:123,1
DA:124,1
DA:125,1
DA:126,1
DA:127,1
DA:128,1
DA:129,1
DA:131,1
DA:131,1
DA:131,1
DA:131,1
DA:132,1
DA:133,1
DA:134,1
DA:135,1
DA:136,1
DA:137,1
DA:138,1
DA:140,1
DA:140,1
DA:140,1
DA:140,1
DA:141,1
DA:142,1
DA:143,1
DA:144,1
DA:145,1
DA:146,1
DA:147,1
DA:149,1
DA:149,1
DA:149,1
DA:149,1
DA:150,1
DA:151,1
DA:152,1
DA:153,1
DA:154,1
DA:155,1
DA:156,1
DA:157,1
DA:157,1
DA:157,1
DA:157,1
DA:158,1
DA:159,1
DA:160,1
DA:161,1
DA:162,1
DA:163,1
DA:164,1
DA:165,1
DA:165,1
DA:165,1
DA:165,1
DA:166,1
DA:167,1
DA:168,1
DA:169,1
DA:170,1
DA:171,1
DA:172,1
DA:174,1
DA:174,1
DA:174,1
DA:174,1
DA:175,1
DA:176,1
DA:177,1
DA:179,1
DA:179,1
DA:179,1
DA:179,1
DA:180,1
DA:181,1
DA:182,1
DA:184,1
DA:184,1
DA:184,1
DA:184,1
DA:185,1
DA:186,1
DA:187,1
DA:188,1
DA:190,1
DA:190,1
DA:190,1
DA:190,1
DA:191,1
DA:192,1
DA:193,1
DA:194,1
DA:196,1
DA:196,1
DA:196,1
DA:196,1
DA:197,1
DA:198,1
DA:199,1
DA:200,1
DA:202,1
DA:202,1
DA:202,1
DA:202,1
DA:203,1
DA:204,1
DA:205,1
DA:206,1
DA:207,1
DA:208,1
DA:210,1
DA:210,1
DA:210,1
DA:210,1
DA:211,1
DA:212,1
DA:213,2
DA:214,1
DA:215,1
DA:216,1
DA:218,1
DA:218,1
DA:218,1
DA:218,1
DA:219,1
DA:220,1
DA:221,2
DA:222,1
DA:223,1
DA:224,1
DA:226,1
DA:226,1
DA:226,1
DA:226,1
DA:227,1
DA:228,1
DA:229,2
DA:230,1
DA:231,1
DA:232,1
DA:234,1
DA:234,1
DA:234,1
DA:234,1
DA:235,1
DA:236,1
DA:237,1
DA:238,1
DA:239,1
DA:240,1
DA:241,1
DA:241,1
DA:241,1
DA:241,1
DA:242,1
DA:243,1
DA:244,2
DA:245,1
DA:246,1
DA:247,1
DA:249,1
DA:249,1
DA:249,1
DA:249,1
DA:250,1
DA:251,1
DA:252,2
DA:253,1
DA:254,1
DA:255,1
DA:256,1
DA:256,1
DA:256,1
DA:256,1
DA:257,1
DA:258,1
DA:259,1
DA:260,1
DA:261,1
DA:262,1
DA:263,1
DA:265,1
DA:265,1
DA:265,1
DA:265,1
DA:266,1
DA:267,1
DA:268,1
DA:269,1
DA:270,1
DA:271,1
DA:272,1
DA:274,1
DA:274,1
DA:274,1
DA:274,1
DA:275,1
DA:276,1
DA:277,2
DA:278,1
DA:279,1
DA:281,1
DA:281,1
DA:281,1
DA:281,1
DA:282,1
DA:283,1
DA:284,1
DA:285,1
DA:286,1
DA:287,1
DA:288,1
DA:289,1
DA:290,1
DA:291,1
DA:293,1
DA:293,1
DA:293,1
DA:293,1
DA:294,1
DA:295,1
DA:296,1
DA:297,1
DA:298,1
DA:299,1
DA:300,1
DA:301,1
DA:302,1
DA:303,1
DA:304,1
DA:305,1
DA:306,1
DA:308,1
DA:308,1
DA:308,1
DA:308,1
DA:309,1
DA:310,1
DA:311,1
DA:312,1
DA:313,1
DA:314,1
DA:315,1
DA:316,1
DA:317,1
DA:319,1
DA:319,1
DA:319,1
DA:319,1
DA:320,1
DA:321,1
DA:322,1
DA:323,1
DA:324,1
DA:325,1
DA:326,1
DA:327,1
DA:328,1
DA:329,1
DA:330,1
DA:331,1
DA:333,1
DA:333,1
DA:333,1
DA:333,1
DA:334,1
DA:335,1
DA:336,1
DA:337,1
DA:338,1
DA:339,1
DA:340,1
DA:341,1
DA:342,1
DA:343,1
DA:344,1
DA:345,1
DA:347,1
DA:347,1
DA:347,1
DA:347,1
DA:348,1
DA:349,1
DA:350,1
DA:352,1
DA:352,1
DA:352,1
DA:352,1
DA:353,1
DA:354,1
DA:355,1
DA:357,1
DA:357,1
DA:357,1
DA:357,1
DA:358,1
DA:359,1
DA:360,1
DA:361,1
DA:362,1
DA:363,1
DA:365,1
DA:365,1
DA:365,1
DA:365,1
DA:366,1
DA:367,1
DA:368,1
DA:369,1
DA:370,1
DA:372,1
DA:372,1
DA:372,1
DA:372,1
DA:373,1
DA:374,1
DA:376,1
DA:378,2
DA:379,2
DA:381,1
DA:382,1
DA:384,1
DA:384,1
DA:384,1
DA:384,1
DA:385,1
DA:386,1
DA:387,1
DA:388,1
DA:389,1
DA:390,1
DA:392,1
DA:393,1
DA:394,1
DA:395,1
DA:396,1
DA:397,1
DA:398,1
DA:399,1
DA:400,1
DA:402,12
DA:403,11
DA:404,11
DA:405,11
DA:406,1
DA:407,1
DA:409,1
DA:409,1
DA:409,1
DA:409,1
DA:410,1
DA:411,1
DA:413,81
DA:414,80
DA:415,80
DA:418,16
DA:419,15
DA:420,15
DA:421,15
DA:422,15
DA:423,15
DA:424,1
DA:425,1
end_of_record
TN:
SF:/home/corrie/edu/-containers-/src/map/s21_map.tcc
FN:5,_ZN3s213mapIiiEC2ERKSt16initializer_listISt4pairIKiiEE
FNDA:38,_ZN3s213mapIiiEC2ERKSt16initializer_listISt4pairIKiiEE
FN:13,_ZN3s213mapIiiEaSEOS1_
FNDA:1,_ZN3s213mapIiiEaSEOS1_
FN:22,_ZN3s213mapIiiEaSERKS1_
FNDA:1,_ZN3s213mapIiiEaSERKS1_
FN:33,_ZN3s213mapIiiE2atERKi
FNDA:6,_ZN3s213mapIiiE2atERKi
FN:42,_ZN3s213mapIiiEixERKi
FNDA:2,_ZN3s213mapIiiEixERKi
FN:54,_ZN3s213mapIiiE3endEv
FNDA:16,_ZN3s213mapIiiE3endEv
FN:59,_ZNK3s213mapIiiE3endEv
FNDA:11,_ZNK3s213mapIiiE3endEv
FN:65,_ZN3s213mapIiiE5beginEv
FNDA:40,_ZN3s213mapIiiE5beginEv
FN:70,_ZNK3s213mapIiiE5beginEv
FNDA:1,_ZNK3s213mapIiiE5beginEv
FN:77,_ZN3s213mapIiiE6insertERKiS3_
FNDA:3,_ZN3s213mapIiiE6insertERKiS3_
FN:83,_ZN3s213mapIiiE6insertERKSt4pairIKiiE
FNDA:177,_ZN3s213mapIiiE6insertERKSt4pairIKiiE
FN:89,_ZNK3s213mapIciE5emptyEv
FNDA:1,_ZNK3s213mapIciE5emptyEv
FN:89,_ZNK3s213mapIiiE5emptyEv
FNDA:14,_ZNK3s213mapIiiE5emptyEv
FN:94,_ZN3s213mapIiiE5clearEv
FNDA:4,_ZN3s213mapIiiE5clearEv
FN:99,_ZNK3s213mapIciE4sizeEv
FNDA:1,_ZNK3s213mapIciE4sizeEv
FN:99,_ZNK3s213mapIiiE4sizeEv
FNDA:35,_ZNK3s213mapIiiE4sizeEv
FN:105,_ZNK3s213mapIiiE8max_sizeEv
FNDA:2,_ZNK3s213mapIiiE8max_sizeEv
[...]
DA:163,0
DA:164,0
DA:165,0
DA:166,0
DA:175,0
DA:176,0
DA:175,0
DA:176,0
DA:180,0
DA:181,0
DA:180,0
DA:181,0
DA:185,0
DA:186,0
DA:185,0
DA:186,0
DA:197,0
DA:198,0
DA:199,0
DA:197,0
DA:198,0
DA:199,0
DA:202,0
DA:203,0
DA:204,0
DA:202,0
DA:203,0
DA:204,0
end_of_record
SF:/home/corrie/edu/-containers-/src/queue/s21_queue.h
FN:112,_ZN3s215QueueIiEC2Ev
FNDA:1,_ZN3s215QueueIiEC2Ev
FN:117,_ZN3s215QueueIiEC2ERKSt16initializer_listIiE
FNDA:3,_ZN3s215QueueIiEC2ERKSt16initializer_listIiE
FN:117,_ZN3s215QueueINSt7__cxx1112basic_stringIcSt11char_traitsIcESaIcEEEEC2ERKSt16initializer_listIS6_E
FNDA:3,_ZN3s215QueueINSt7__cxx1112basic_stringIcSt11char_traitsIcESaIcEEEEC2ERKSt16initializer_listIS6_E
FN:137,_ZN3s215QueueIiED2Ev
FNDA:4,_ZN3s215QueueIiED2Ev
FN:137,_ZN3s215QueueINSt7__cxx1112basic_stringIcSt11char_traitsIcESaIcEEEED2Ev
FNDA:3,_ZN3s215QueueINSt7__cxx1112basic_stringIcSt11char_traitsIcESaIcEEEED2Ev
FN:152,_ZN3s215QueueINSt7__cxx1112basic_stringIcSt11char_traitsIcESaIcEEEE5frontEv
FNDA:3,_ZN3s215QueueINSt7__cxx1112basic_stringIcSt11char_traitsIcESaIcEEEE5frontEv
FN:152,_ZN3s215QueueIiE5frontEv
FNDA:3,_ZN3s215QueueIiE5frontEv
FN:158,_ZN3s215QueueINSt7__cxx1112basic_stringIcSt11char_traitsIcESaIcEEEE4backEv
FNDA:6,_ZN3s215QueueINSt7__cxx1112basic_stringIcSt11char_traitsIcESaIcEEEE4backEv
FN:158,_ZN3s215QueueIiE4backEv
FNDA:5,_ZN3s215QueueIiE4backEv
FN:170,_ZN3s215QueueINSt7__cxx1112basic_stringIcSt11char_traitsIcESaIcEEEE5emptyEv
FNDA:1,_ZN3s215QueueINSt7__cxx1112basic_stringIcSt11char_traitsIcESaIcEEEE5emptyEv
FN:170,_ZN3s215QueueIiE5emptyEv
FNDA:4,_ZN3s215QueueIiE5emptyEv
FN:176,_ZN3s215QueueINSt7__cxx1112basic_stringIcSt11char_traitsIcESaIcEEEE4sizeEv
FNDA:3,_ZN3s215QueueINSt7__cxx1112basic_stringIcSt11char_traitsIcESaIcEEEE4sizeEv
FN:176,_ZN3s215QueueIiE4sizeEv
FNDA:4,_ZN3s215QueueIiE4sizeEv
FN:188,_ZN3s215QueueIiE4pushERKi
FNDA:2,_ZN3s215QueueIiE4pushERKi
FN:188,_ZN3s215QueueINSt7__cxx1112basic_stringIcSt11char_traitsIcESaIcEEEE4pushERKS6_
FNDA:2,_ZN3s215QueueINSt7__cxx1112basic_stringIcSt11char_traitsIcESaIcEEEE4pushERKS6_
FN:194,_ZN3s215QueueIiE3popEv
FNDA:1,_ZN3s215QueueIiE3popEv
FN:194,_ZN3s215QueueINSt7__cxx1112basic_stringIcSt11char_traitsIcESaIcEEEE3popEv
FNDA:1,_ZN3s215QueueINSt7__cxx1112basic_stringIcSt11char_traitsIcESaIcEEEE3popEv
FN:200,_ZN3s215QueueINSt7__cxx1112basic_stringIcSt11char_traitsIcESaIcEEEE4swapERS7_
FNDA:1,_ZN3s215QueueINSt7__cxx1112basic_stringIcSt11char_traitsIcESaIcEEEE4swapERS7_
DA:112,1
DA:117,3
DA:118,10
DA:119,7
DA:121,3
DA:117,3
DA:118,19
DA:119,16
DA:121,3
DA:137,3
DA:137,4
DA:152,3
DA:153,3
DA:152,3
DA:153,3
DA:158,6
DA:159,6
DA:158,5
DA:159,5
DA:170,1
DA:171,1
DA:170,4
DA:171,4
DA:176,3
DA:177,3
DA:176,4
DA:177,4
DA:188,2
DA:189,2
DA:190,2
DA:188,2
DA:189,2
DA:190,2
DA:194,1
DA:195,1
DA:196,1
DA:194,1
DA:195,1
DA:196,1
DA:200,1
DA:201,1
DA:202,1
end_of_record
SF:/home/corrie/edu/-containers-/src/unit_tests/queue.cc
FN:5,_ZN3s2159s21_Queue_tests_construct_s21_Queue_tests_construct_01_TestC2Ev
FNDA:1,_ZN3s2159s21_Queue_tests_construct_s21_Queue_tests_construct_01_TestC2Ev
FN:5,_ZN3s2159s21_Queue_tests_construct_s21_Queue_tests_construct_01_Test8TestBodyEv
FNDA:1,_ZN3s2159s21_Queue_tests_construct_s21_Queue_tests_construct_01_Test8TestBodyEv
FN:5,_ZN3s2159s21_Queue_tests_construct_s21_Queue_tests_construct_01_TestD0Ev
FNDA:1,_ZN3s2159s21_Queue_tests_construct_s21_Queue_tests_construct_01_TestD0Ev
FN:5,_ZN3s2159s21_Queue_tests_construct_s21_Queue_tests_construct_01_TestD2Ev
FNDA:1,_ZN3s2159s21_Queue_tests_construct_s21_Queue_tests_construct_01_TestD2Ev
FN:11,_ZN3s2159s21_Queue_tests_construct_s21_Queue_tests_construct_02_TestC2Ev
FNDA:1,_ZN3s2159s21_Queue_tests_construct_s21_Queue_tests_construct_02_TestC2Ev
FN:11,_ZN3s2159s21_Queue_tests_construct_s21_Queue_tests_construct_02_Test8TestBodyEv
FNDA:1,_ZN3s2159s21_Queue_tests_construct_s21_Queue_tests_construct_02_Test8TestBodyEv
FN:11,_ZN3s2159s21_Queue_tests_construct_s21_Queue_tests_construct_02_TestD2Ev
FNDA:1,_ZN3s2159s21_Queue_tests_construct_s21_Queue_tests_construct_02_TestD2Ev
FN:11,_ZN3s2159s21_Queue_tests_construct_s21_Queue_tests_construct_02_TestD0Ev
FNDA:1,_ZN3s2159s21_Queue_tests_construct_s21_Queue_tests_construct_02_TestD0Ev
FN:19,_ZN3s2159s21_Queue_tests_construct_s21_Queue_tests_construct_03_TestD0Ev
FNDA:1,_ZN3s2159s21_Queue_tests_construct_s21_Queue_tests_construct_03_TestD0Ev
FN:19,_ZN3s2159s21_Queue_tests_construct_s21_Queue_tests_construct_03_TestD2Ev
FNDA:1,_ZN3s2159s21_Queue_tests_construct_s21_Queue_tests_construct_03_TestD2Ev
FN:19,_ZN3s2159s21_Queue_tests_construct_s21_Queue_tests_construct_03_Test8TestBodyEv
FNDA:1,_ZN3s2159s21_Queue_tests_construct_s21_Queue_tests_construct_03_Test8TestBodyEv
FN:19,_ZN3s2159s21_Queue_tests_construct_s21_Queue_tests_construct_03_TestC2Ev
FNDA:1,_ZN3s2159s21_Queue_tests_construct_s21_Queue_tests_construct_03_TestC2Ev
FN:27,_ZN3s2147s21_Queue_tests_pop_s21_Queue_tests_pop_01_TestD0Ev
FNDA:1,_ZN3s2147s21_Queue_tests_pop_s21_Queue_tests_pop_01_TestD0Ev
FN:27,_ZN3s2147s21_Queue_tests_pop_s21_Queue_tests_pop_01_TestD2Ev
FNDA:1,_ZN3s2147s21_Queue_tests_pop_s21_Queue_tests_pop_01_TestD2Ev
FN:27,_ZN3s2147s21_Queue_tests_pop_s21_Queue_tests_pop_01_Test8TestBodyEv
FNDA:1,_ZN3s2147s21_Queue_tests_pop_s21_Queue_tests_pop_01_Test8TestBodyEv
FN:27,_ZN3s2147s21_Queue_tests_pop_s21_Queue_tests_pop_01_TestC2Ev
FNDA:1,_ZN3s2147s21_Queue_tests_pop_s21_Queue_tests_pop_01_TestC2Ev
FN:40,_ZN3s2147s21_Queue_tests_pop_s21_Queue_tests_pop_02_TestC2Ev
FNDA:1,_ZN3s2147s21_Queue_tests_pop_s21_Queue_tests_pop_02_TestC2Ev
FN:40,_ZN3s2147s21_Queue_tests_pop_s21_Queue_tests_pop_02_TestD0Ev
FNDA:1,_ZN3s2147s21_Queue_tests_pop_s21_Queue_tests_pop_02_TestD0Ev
FN:40,_ZN3s2147s21_Queue_tests_pop_s21_Queue_tests_pop_02_TestD2Ev
FNDA:1,_ZN3s2147s21_Queue_tests_pop_s21_Queue_tests_pop_02_TestD2Ev
FN:40,_ZN3s2147s21_Queue_tests_pop_s21_Queue_tests_pop_02_Test8TestBodyEv
FNDA:1,_ZN3s2147s21_Queue_tests_pop_s21_Queue_tests_pop_02_Test8TestBodyEv
FN:54,_ZN3s2147s21_Queue_tests_pop_s21_Queue_tests_pop_03_TestC2Ev
FNDA:1,_ZN3s2147s21_Queue_tests_pop_s21_Queue_tests_pop_03_TestC2Ev
FN:54,_ZN3s2147s21_Queue_tests_pop_s21_Queue_tests_pop_03_TestD0Ev
FNDA:1,_ZN3s2147s21_Queue_tests_pop_s21_Queue_tests_pop_03_TestD0Ev
FN:54,_ZN3s2147s21_Queue_tests_pop_s21_Queue_tests_pop_03_TestD2Ev
FNDA:1,_ZN3s2147s21_Queue_tests_pop_s21_Queue_tests_pop_03_TestD2Ev
FN:54,_ZN3s2147s21_Queue_tests_pop_s21_Queue_tests_pop_03_Test8TestBodyEv
FNDA:1,_ZN3s2147s21_Queue_tests_pop_s21_Queue_tests_pop_03_Test8TestBodyEv
DA:5,1
DA:5,1
DA:5,1
DA:5,1
DA:6,1
DA:7,1
DA:8,1
DA:9,1
DA:11,1
DA:11,1
DA:11,1
DA:11,1
DA:12,1
DA:13,1
DA:14,1
DA:15,1
DA:16,1
DA:17,1
DA:19,1
DA:19,1
DA:19,1
DA:19,1
DA:20,1
DA:21,1
DA:22,1
DA:23,1
DA:24,1
DA:25,1
DA:27,1
DA:27,1
DA:27,1
DA:27,1
DA:28,1
DA:29,1
DA:30,1
DA:31,1
DA:32,1
DA:33,1
DA:34,1
DA:35,1
DA:36,1
DA:37,1
DA:38,1
DA:40,1
DA:40,1
DA:40,1
DA:40,1
DA:41,5
DA:42,1
DA:43,1
DA:44,1
DA:45,1
DA:46,1
DA:47,1
DA:48,1
DA:49,1
DA:50,1
DA:51,1
DA:52,1
DA:54,1
DA:54,1
DA:54,1
DA:54,1
DA:55,5
DA:56,3
DA:57,1
DA:58,1
DA:59,1
DA:60,1
DA:61,1
DA:62,1
DA:63,1
DA:64,1
end_of_record
TN:
SF:/home/corrie/edu/-containers-/src/unit_tests/stack.cc
FN:5,_ZN3s2159s21_stack_tests_construct_s21_stack_tests_construct_01_TestC2Ev
FNDA:1,_ZN3s2159s21_stack_tests_construct_s21_stack_tests_construct_01_TestC2Ev
FN:5,_ZN3s2159s21_stack_tests_construct_s21_stack_tests_construct_01_Test8TestBodyEv
FNDA:1,_ZN3s2159s21_stack_tests_construct_s21_stack_tests_construct_01_Test8TestBodyEv
FN:5,_ZN3s2159s21_stack_tests_construct_s21_stack_tests_construct_01_TestD0Ev
FNDA:1,_ZN3s2159s21_stack_tests_construct_s21_stack_tests_construct_01_TestD0Ev
FN:5,_ZN3s2159s21_stack_tests_construct_s21_stack_tests_construct_01_TestD2Ev
FNDA:1,_ZN3s2159s21_stack_tests_construct_s21_stack_tests_construct_01_TestD2Ev
FN:11,_ZN3s2159s21_stack_tests_construct_s21_stack_tests_construct_02_TestC2Ev
FNDA:1,_ZN3s2159s21_stack_tests_construct_s21_stack_tests_construct_02_TestC2Ev
FN:11,_ZN3s2159s21_stack_tests_construct_s21_stack_tests_construct_02_Test8TestBodyEv
FNDA:1,_ZN3s2159s21_stack_tests_construct_s21_stack_tests_construct_02_Test8TestBodyEv
FN:11,_ZN3s2159s21_stack_tests_construct_s21_stack_tests_construct_02_TestD2Ev
FNDA:1,_ZN3s2159s21_stack_tests_construct_s21_stack_tests_construct_02_TestD2Ev
FN:11,_ZN3s2159s21_stack_tests_construct_s21_stack_tests_construct_02_TestD0Ev
FNDA:1,_ZN3s2159s21_stack_tests_construct_s21_stack_tests_construct_02_TestD0Ev
FN:18,_ZN3s2159s21_stack_tests_construct_s21_stack_tests_construct_03_TestD0Ev
FNDA:1,_ZN3s2159s21_stack_tests_construct_s21_stack_tests_construct_03_TestD0Ev
FN:18,_ZN3s2159s21_stack_tests_construct_s21_stack_tests_construct_03_TestD2Ev
FNDA:1,_ZN3s2159s21_stack_tests_construct_s21_stack_tests_construct_03_TestD2Ev
FN:18,_ZN3s2159s21_stack_tests_construct_s21_stack_tests_construct_03_Test8TestBodyEv
FNDA:1,_ZN3s2159s21_stack_tests_construct_s21_stack_tests_construct_03_Test8TestBodyEv
FN:18,_ZN3s2159s21_stack_tests_construct_s21_stack_tests_construct_03_TestC2Ev
FNDA:1,_ZN3s2159s21_stack_tests_construct_s21_stack_tests_construct_03_TestC2Ev
FN:25,_ZN3s2147s21_stack_tests_pop_s21_stack_tests_pop_01_TestD0Ev
FNDA:1,_ZN3s2147s21_stack_tests_pop_s21_stack_tests_pop_01_TestD0Ev
FN:25,_ZN3s2147s21_stack_tests_pop_s21_stack_tests_pop_01_TestD2Ev
FNDA:1,_ZN3s2147s21_stack_tests_pop_s21_stack_tests_pop_01_TestD2Ev
FN:25,_ZN3s2147s21_stack_tests_pop_s21_stack_tests_pop_01_Test8TestBodyEv
FNDA:1,_ZN3s2147s21_stack_tests_pop_s21_stack_tests_pop_01_Test8TestBodyEv
FN:25,_ZN3s2147s21_stack_tests_pop_s21_stack_tests_pop_01_TestC2Ev
FNDA:1,_ZN3s2147s21_stack_tests_pop_s21_stack_tests_pop_01_TestC2Ev
FN:38,_ZN3s2147s21_stack_tests_pop_s21_stack_tests_pop_02_TestC2Ev
FNDA:1,_ZN3s2147s21_stack_tests_pop_s21_stack_tests_pop_02_TestC2Ev
FN:38,_ZN3s2147s21_stack_tests_pop_s21_stack_tests_pop_02_TestD0Ev
FNDA:1,_ZN3s2147s21_stack_tests_pop_s21_stack_tests_pop_02_TestD0Ev
FN:38,_ZN3s2147s21_stack_tests_pop_s21_stack_tests_pop_02_TestD2Ev
FNDA:1,_ZN3s2147s21_stack_tests_pop_s21_stack_tests_pop_02_TestD2Ev
FN:38,_ZN3s2147s21_stack_tests_pop_s21_stack_tests_pop_02_Test8TestBodyEv
FNDA:1,_ZN3s2147s21_stack_tests_pop_s21_stack_tests_pop_02_Test8TestBodyEv
FN:51,_ZN3s2147s21_stack_tests_pop_s21_stack_tests_pop_03_TestC2Ev
FNDA:1,_ZN3s2147s21_stack_tests_pop_s21_stack_tests_pop_03_TestC2Ev
FN:51,_ZN3s2147s21_stack_tests_pop_s21_stack_tests_pop_03_TestD0Ev
FNDA:1,_ZN3s2147s21_stack_tests_pop_s21_stack_tests_pop_03_TestD0Ev
FN:51,_ZN3s2147s21_stack_tests_pop_s21_stack_tests_pop_03_TestD2Ev
FNDA:1,_ZN3s2147s21_stack_tests_pop_s21_stack_tests_pop_03_TestD2Ev
FN:51,_ZN3s2147s21_stack_tests_pop_s21_stack_tests_pop_03_Test8TestBodyEv
FNDA:1,_ZN3s2147s21_stack_tests_pop_s21_stack_tests_pop_03_Test8TestBodyEv
DA:5,1
DA:5,1
DA:5,1
DA:5,1
DA:6,1
DA:7,1
DA:8,1
DA:9,1
DA:11,1
DA:11,1
DA:11,1
DA:11,1
DA:12,1
DA:13,1
DA:14,1
DA:15,1
DA:16,1
DA:18,1
DA:18,1
DA:18,1
DA:18,1
DA:19,1
DA:20,1
DA:21,1
DA:22,1
DA:23,1
DA:25,1
DA:25,1
DA:25,1
DA:25,1
DA:26,1
DA:27,1
DA:28,1
DA:29,1
DA:30,1
DA:31,1
DA:32,1
DA:33,1
DA:34,1
DA:35,1
DA:36,1
DA:38,1
DA:38,1
DA:38,1
DA:38,1
DA:39,5
DA:40,1
DA:41,1
DA:42,1
DA:43,1
DA:44,1
DA:45,1
DA:46,1
DA:47,1
DA:48,1
DA:49,1
DA:51,1
DA:51,1
DA:51,1
DA:51,1
DA:52,5
DA:53,3
DA:54,1
DA:55,1
DA:56,1
DA:57,1
DA:58,1
DA:59,1
end_of_record
SF:/home/corrie/edu/-containers-/src/list/s21_ListNode.h
FN:56,_ZN3s218ListNodeIiEC2Ev
FNDA:0,_ZN3s218ListNodeIiEC2Ev
FN:56,_ZN3s218ListNodeINSt7__cxx1112basic_stringIcSt11char_traitsIcESaIcEEEEC2Ev
FNDA:0,_ZN3s218ListNodeINSt7__cxx1112basic_stringIcSt11char_traitsIcESaIcEEEEC2Ev
FN:61,_ZN3s218ListNodeIiE27insert_ListNode_before_currEi
FNDA:0,_ZN3s218ListNodeIiE27insert_ListNode_before_currEi
FN:61,_ZN3s218ListNodeINSt7__cxx1112basic_stringIcSt11char_traitsIcESaIcEEEE27insert_ListNode_before_currES6_
FNDA:0,_ZN3s218ListNodeINSt7__cxx1112basic_stringIcSt11char_traitsIcESaIcEEEE27insert_ListNode_before_currES6_
FN:99,_ZN3s218ListNodeIiE23delete_current_ListNodeEv
FNDA:0,_ZN3s218ListNodeIiE23delete_current_ListNodeEv
FN:99,_ZN3s218ListNodeINSt7__cxx1112basic_stringIcSt11char_traitsIcESaIcEEEE23delete_current_ListNodeEv
FNDA:0,_ZN3s218ListNodeINSt7__cxx1112basic_stringIcSt11char_traitsIcESaIcEEEE23delete_current_ListNodeEv
FN:132,_ZN3s218ListNodeINSt7__cxx1112basic_stringIcSt11char_traitsIcESaIcEEEE19find_first_ListNodeEv
FNDA:0,_ZN3s218ListNodeINSt7__cxx1112basic_stringIcSt11char_traitsIcESaIcEEEE19find_first_ListNodeEv
FN:132,_ZN3s218ListNodeIiE19find_first_ListNodeEv
FNDA:0,_ZN3s218ListNodeIiE19find_first_ListNodeEv
FN:154,_ZN3s218ListNodeIiE37delete_all_ListNodes_curr_and_forwardEv
FNDA:0,_ZN3s218ListNodeIiE37delete_all_ListNodes_curr_and_forwardEv
FN:154,_ZN3s218ListNodeINSt7__cxx1112basic_stringIcSt11char_traitsIcESaIcEEEE37delete_all_ListNodes_curr_and_forwardEv
FNDA:0,_ZN3s218ListNodeINSt7__cxx1112basic_stringIcSt11char_traitsIcESaIcEEEE37delete_all_ListNodes_curr_and_forwardEv
FN:163,_ZN3s218ListNodeINSt7__cxx1112basic_stringIcSt11char_traitsIcESaIcEEEE20delete_all_ListNodesEv
FNDA:0,_ZN3s218ListNodeINSt7__cxx1112basic_stringIcSt11char_traitsIcESaIcEEEE20delete_all_ListNodesEv
FN:163,_ZN3s218ListNodeIiE20delete_all_ListNodesEv
FNDA:0,_ZN3s218ListNodeIiE20delete_all_ListNodesEv
FN:175,_ZN3s218ListNodeINSt7__cxx1112basic_stringIcSt11char_traitsIcESaIcEEEE9get_valueEv
FNDA:0,_ZN3s218ListNodeINSt7__cxx1112basic_stringIcSt11char_traitsIcESaIcEEEE9get_valueEv
FN:175,_ZN3s218ListNodeIiE9get_valueEv
FNDA:0,_ZN3s218ListNodeIiE9get_valueEv
FN:180,_ZN3s218ListNodeINSt7__cxx1112basic_stringIcSt11char_traitsIcESaIcEEEE8get_prevEv
FNDA:0,_ZN3s218ListNodeINSt7__cxx1112basic_stringIcSt11char_traitsIcESaIcEEEE8get_prevEv
FN:180,_ZN3s218ListNodeIiE8get_prevEv
FNDA:0,_ZN3s218ListNodeIiE8get_prevEv
FN:197,_ZN3s218ListNodeINSt7__cxx1112basic_stringIcSt11char_traitsIcESaIcEEEE8set_prevEPS7_
FNDA:0,_ZN3s218ListNodeINSt7__cxx1112basic_stringIcSt11char_traitsIcESaIcEEEE8set_prevEPS7_
FN:197,_ZN3s218ListNodeIiE8set_prevEPS1_
FNDA:0,_ZN3s218ListNodeIiE8set_prevEPS1_
FN:202,_ZN3s218ListNodeINSt7__cxx1112basic_stringIcSt11char_traitsIcESaIcEEEE8set_nextEPS7_
FNDA:0,_ZN3s218ListNodeINSt7__cxx1112basic_stringIcSt11char_traitsIcESaIcEEEE8set_nextEPS7_
FN:202,_ZN3s218ListNodeIiE8set_nextEPS1_
FNDA:0,_ZN3s218ListNodeIiE8set_nextEPS1_
DA:56,0
DA:58,0
DA:56,0
DA:58,0
DA:61,0
DA:64,0
DA:66,0
DA:68,0
DA:69,0
DA:71,0
DA:72,0
DA:74,0
DA:75,0
DA:77,0
DA:61,0
DA:64,0
DA:66,0
DA:68,0
DA:69,0
DA:71,0
DA:72,0
DA:74,0
DA:75,0
DA:77,0
DA:99,0
DA:100,0
DA:101,0
DA:104,0
DA:105,0
DA:107,0
DA:108,0
DA:99,0
DA:100,0
DA:101,0
DA:104,0
DA:105,0
DA:107,0
DA:108,0
DA:132,0
DA:133,0
DA:134,0
DA:135,0
DA:136,0
DA:139,0
DA:132,0
DA:133,0
DA:134,0
DA:135,0
DA:136,0
DA:139,0
DA:154,0
DA:155,0
DA:156,0
DA:157,0
DA:158,0
DA:160,0
DA:154,0
DA:155,0
DA:156,0
DA:157,0
DA:158,0
DA:160,0
DA:163,0
DA:164,0
DA:165,0
DA:166,0
DA:163,0
DA:164,0
DA:165,0
DA:166,0
DA:175,0
DA:176,0
DA:175,0
DA:176,0
DA:180,0
DA:181,0
DA:180,0
DA:181,0
DA:197,0
DA:198,0
DA:199,0
DA:197,0
DA:198,0
DA:199,0
DA:202,0
DA:203,0
DA:204,0
DA:202,0
DA:203,0
DA:204,0
end_of_record
SF:/home/corrie/edu/-containers-/src/stack/s21_stack.h
FN:109,_ZN3s215StackIiEC2Ev
FNDA:1,_ZN3s215StackIiEC2Ev
FN:114,_ZN3s215StackINSt7__cxx1112basic_stringIcSt11char_traitsIcESaIcEEEEC2ERKSt16initializer_listIS6_E
FNDA:3,_ZN3s215StackINSt7__cxx1112basic_stringIcSt11char_traitsIcESaIcEEEEC2ERKSt16initializer_listIS6_E
FN:114,_ZN3s215StackIiEC2ERKSt16initializer_listIiE
FNDA:3,_ZN3s215StackIiEC2ERKSt16initializer_listIiE
FN:134,_ZN3s215StackINSt7__cxx1112basic_stringIcSt11char_traitsIcESaIcEEEED2Ev
FNDA:3,_ZN3s215StackINSt7__cxx1112basic_stringIcSt11char_traitsIcESaIcEEEED2Ev
FN:134,_ZN3s215StackIiED2Ev
FNDA:4,_ZN3s215StackIiED2Ev
FN:151,_ZN3s215StackINSt7__cxx1112basic_stringIcSt11char_traitsIcESaIcEEEE3topEv
FNDA:6,_ZN3s215StackINSt7__cxx1112basic_stringIcSt11char_traitsIcESaIcEEEE3topEv
FN:151,_ZN3s215StackIiE3topEv
FNDA:6,_ZN3s215StackIiE3topEv
FN:163,_ZN3s215StackINSt7__cxx1112basic_stringIcSt11char_traitsIcESaIcEEEE5emptyEv
FNDA:1,_ZN3s215StackINSt7__cxx1112basic_stringIcSt11char_traitsIcESaIcEEEE5emptyEv
FN:163,_ZN3s215StackIiE5emptyEv
FNDA:4,_ZN3s215StackIiE5emptyEv
FN:169,_ZN3s215StackINSt7__cxx1112basic_stringIcSt11char_traitsIcESaIcEEEE4sizeEv
FNDA:3,_ZN3s215StackINSt7__cxx1112basic_stringIcSt11char_traitsIcESaIcEEEE4sizeEv
FN:169,_ZN3s215StackIiE4sizeEv
FNDA:4,_ZN3s215StackIiE4sizeEv
FN:181,_ZN3s215StackINSt7__cxx1112basic_stringIcSt11char_traitsIcESaIcEEEE4pushERKS6_
FNDA:2,_ZN3s215StackINSt7__cxx1112basic_stringIcSt11char_traitsIcESaIcEEEE4pushERKS6_
FN:181,_ZN3s215StackIiE4pushERKi
FNDA:2,_ZN3s215StackIiE4pushERKi
FN:187,_ZN3s215StackINSt7__cxx1112basic_stringIcSt11char_traitsIcESaIcEEEE3popEv
FNDA:1,_ZN3s215StackINSt7__cxx1112basic_stringIcSt11char_traitsIcESaIcEEEE3popEv
FN:187,_ZN3s215StackIiE3popEv
FNDA:1,_ZN3s215StackIiE3popEv
FN:193,_ZN3s215StackINSt7__cxx1112basic_stringIcSt11char_traitsIcESaIcEEEE4swapERS7_
FNDA:1,_ZN3s215StackINSt7__cxx1112basic_stringIcSt11char_traitsIcESaIcEEEE4swapERS7_
DA:109,1
DA:114,3
DA:115,10
DA:116,7
DA:118,3
DA:114,3
DA:115,19
DA:116,16
DA:118,3
DA:134,3
DA:134,4
DA:151,6
DA:152,6
DA:151,6
DA:152,6
DA:163,1
DA:164,1
DA:163,4
DA:164,4
DA:169,3
DA:170,3
DA:169,4
DA:170,4
DA:181,2
DA:182,2
DA:183,2
DA:181,2
DA:182,2
DA:183,2
DA:187,1
DA:188,1
DA:189,1
DA:187,1
DA:188,1
DA:189,1
DA:193,1
DA:194,1
DA:195,1
end_of_record
SF:/home/corrie/edu/-containers-/src/list/s21_list.h
FN:208,_ZN3s214ListINSt7__cxx1112basic_stringIcSt11char_traitsIcESaIcEEEEC2Ev
FNDA:0,_ZN3s214ListINSt7__cxx1112basic_stringIcSt11char_traitsIcESaIcEEEEC2Ev
FN:208,_ZN3s214ListIiEC2Ev
FNDA:0,_ZN3s214ListIiEC2Ev
FN:261,_ZN3s214ListINSt7__cxx1112basic_stringIcSt11char_traitsIcESaIcEEEED2Ev
FNDA:0,_ZN3s214ListINSt7__cxx1112basic_stringIcSt11char_traitsIcESaIcEEEED2Ev
FN:261,_ZN3s214ListIiED2Ev
FNDA:0,_ZN3s214ListIiED2Ev
FN:297,_ZN3s214ListINSt7__cxx1112basic_stringIcSt11char_traitsIcESaIcEEEE4backEv
FNDA:0,_ZN3s214ListINSt7__cxx1112basic_stringIcSt11char_traitsIcESaIcEEEE4backEv
FN:297,_ZN3s214ListIiE4backEv
FNDA:0,_ZN3s214ListIiE4backEv
FN:332,_ZN3s214ListINSt7__cxx1112basic_stringIcSt11char_traitsIcESaIcEEEE5emptyEv
FNDA:0,_ZN3s214ListINSt7__cxx1112basic_stringIcSt11char_traitsIcESaIcEEEE5emptyEv
FN:332,_ZN3s214ListIiE5emptyEv
FNDA:0,_ZN3s214ListIiE5emptyEv
FN:337,_ZN3s214ListINSt7__cxx1112basic_stringIcSt11char_traitsIcESaIcEEEE4sizeEv
FNDA:0,_ZN3s214ListINSt7__cxx1112basic_stringIcSt11char_traitsIcESaIcEEEE4sizeEv
FN:337,_ZN3s214ListIiE4sizeEv
FNDA:0,_ZN3s214ListIiE4sizeEv
FN:403,_ZN3s214ListINSt7__cxx1112basic_stringIcSt11char_traitsIcESaIcEEEE9push_backERKS6_
FNDA:0,_ZN3s214ListINSt7__cxx1112basic_stringIcSt11char_traitsIcESaIcEEEE9push_backERKS6_
FN:403,_ZN3s214ListIiE9push_backERKi
FNDA:0,_ZN3s214ListIiE9push_backERKi
FN:413,_ZN3s214ListINSt7__cxx1112basic_stringIcSt11char_traitsIcESaIcEEEE8pop_backEv
FNDA:1,_ZN3s214ListINSt7__cxx1112basic_stringIcSt11char_traitsIcESaIcEEEE8pop_backEv
FN:413,_ZN3s214ListIiE8pop_backEv
FNDA:0,_ZN3s214ListIiE8pop_backEv
FN:441,_ZN3s214ListINSt7__cxx1112basic_stringIcSt11char_traitsIcESaIcEEEE4swapERS7_
FNDA:0,_ZN3s214ListINSt7__cxx1112basic_stringIcSt11char_traitsIcESaIcEEEE4swapERS7_
DA:208,0
DA:209,0
DA:210,0
DA:211,0
DA:213,0
DA:214,0
DA:216,0
DA:217,0
DA:219,0
DA:220,0
DA:221,0
DA:208,0
DA:209,0
DA:210,0
DA:211,0
DA:213,0
DA:214,0
DA:216,0
DA:217,0
DA:219,0
DA:220,0
DA:221,0
DA:261,0
DA:262,0
DA:263,0
DA:261,0
DA:262,0
DA:263,0
DA:297,0
DA:298,0
DA:299,0
DA:301,0
DA:297,0
DA:298,0
DA:299,0
DA:301,0
DA:332,0
DA:333,0
DA:332,0
DA:333,0
DA:337,0
DA:338,0
DA:337,0
DA:338,0
DA:403,0
DA:404,0
DA:405,0
DA:406,0
DA:407,0
DA:409,0
DA:410,0
DA:403,0
DA:404,0
DA:405,0
DA:406,0
DA:407,0
DA:409,0
DA:410,0
DA:413,1
DA:414,1
DA:415,1
DA:416,1
DA:417,1
DA:418,1
DA:420,1
DA:413,0
DA:414,0
DA:415,0
DA:416,0
DA:417,0
DA:418,0
DA:420,0
DA:441,0
DA:442,0
DA:443,0
DA:444,0
DA:445,0
DA:446,0
DA:448,0
DA:449,0
DA:450,0
DA:451,0
DA:452,0
DA:454,0
DA:455,0
DA:456,0
DA:457,0
DA:458,0
DA:459,0
end_of_record
